2018-11-05 10:23:14 +0000  Initial pipeline context: <IDEDistributionProcessingPipelineContext: 0x7fc50e126390; archive(resolved)='<IDEArchive: 0x7fc4fa88c8f0>', distributionTask(resolved)='2', distributionMethod(resolved)='<IDEDistributionMethodAdHoc: 0x7fc4fa6e45d0>', team(resolved)='<IDEProvisioningBasicTeam: 0x7fc4faf858c0; teamID='4Y6LGZLBMD', teamName='Shanghai Dianjue IT Corp.,Ltd'>'>
	Chain (11, self inclusive):
	<IDEDistributionProcessingPipelineContext: 0x7fc50e126390; archive = '<IDEArchive: 0x7fc4fa88c8f0>', distributionMethod='<IDEDistributionMethodAdHoc: 0x7fc4fa6e45d0>', team='<IDEProvisioningBasicTeam: 0x7fc4faf858c0; teamID='4Y6LGZLBMD', teamName='Shanghai Dianjue IT Corp.,Ltd'>'>
	<IDEDistributionProcessingPipelineContext: 0x7fc4fd6600e0; archive = '<IDEArchive: 0x7fc4fa88c8f0>', distributionMethod='<IDEDistributionMethodAdHoc: 0x7fc4fa6e45d0>', team='<IDEProvisioningBasicTeam: 0x7fc4faf858c0; teamID='4Y6LGZLBMD', teamName='Shanghai Dianjue IT Corp.,Ltd'>'>
	<IDEDistributionContext: 0x7fc4fd382bc0; archive = '<IDEArchive: 0x7fc4fa88c8f0>', distributionMethod='<IDEDistributionMethodAdHoc: 0x7fc4fa6e45d0>', team='<IDEProvisioningBasicTeam: 0x7fc4faf858c0; teamID='4Y6LGZLBMD', teamName='Shanghai Dianjue IT Corp.,Ltd'>'>
	<IDEDistributionContext: 0x7fc4fe188ee0; archive = '<IDEArchive: 0x7fc4fa88c8f0>', distributionMethod='<IDEDistributionMethodAdHoc: 0x7fc4fa6e45d0>', team='<IDEProvisioningBasicTeam: 0x7fc4faf858c0; teamID='4Y6LGZLBMD', teamName='Shanghai Dianjue IT Corp.,Ltd'>'>
	<IDEDistributionContext: 0x7fc4fdb4a580; archive = '<IDEArchive: 0x7fc4fa88c8f0>', distributionMethod='<IDEDistributionMethodAdHoc: 0x7fc4fa6e45d0>', team='<IDEProvisioningBasicTeam: 0x7fc4faf858c0; teamID='4Y6LGZLBMD', teamName='Shanghai Dianjue IT Corp.,Ltd'>'>
	<IDEDistributionContext: 0x7fc4f477bd70; archive = '<IDEArchive: 0x7fc4fa88c8f0>', distributionMethod='<IDEDistributionMethodAdHoc: 0x7fc4fa6e45d0>', team='<IDEProvisioningBasicTeam: 0x7fc4faf858c0; teamID='4Y6LGZLBMD', teamName='Shanghai Dianjue IT Corp.,Ltd'>'>
	<IDEDistributionContext: 0x7fc4fb1ea3f0; archive = '<IDEArchive: 0x7fc4fa88c8f0>', distributionMethod='<IDEDistributionMethodAdHoc: 0x7fc4fa6e45d0>', team='<IDEProvisioningBasicTeam: 0x7fc4faf858c0; teamID='4Y6LGZLBMD', teamName='Shanghai Dianjue IT Corp.,Ltd'>'>
	<IDEDistributionContext: 0x7fc4fb09c180; archive = '<IDEArchive: 0x7fc4fa88c8f0>', distributionMethod='<IDEDistributionMethodAdHoc: 0x7fc4fa6e45d0>', team='<IDEProvisioningBasicTeam: 0x7fc4faf858c0; teamID='4Y6LGZLBMD', teamName='Shanghai Dianjue IT Corp.,Ltd'>'>
	<IDEDistributionContext: 0x7fc4fb240800; archive = '<IDEArchive: 0x7fc4fa88c8f0>', distributionMethod='<IDEDistributionMethodAdHoc: 0x7fc4fa6e45d0>', team='<IDEProvisioningBasicTeam: 0x7fc4faf858c0; teamID='4Y6LGZLBMD', teamName='Shanghai Dianjue IT Corp.,Ltd'>'>
	<IDEDistributionContext: 0x7fc4fb101e20; archive = '<IDEArchive: 0x7fc4fa88c8f0>', distributionMethod='<IDEDistributionMethodAdHoc: 0x7fc4fa6e45d0>', team='(null)'>
	<IDEDistributionContext: 0x7fc4fade1ef0; archive = '<IDEArchive: 0x7fc4fa88c8f0>', distributionMethod='(null)', team='(null)'>
</IDEDistributionProcessingPipelineContext: 0x7fc50e126390>
2018-11-05 10:23:14 +0000  Processing step: IDEDistributionCreateDestRootStep
2018-11-05 10:23:14 +0000  Processing step: IDEDistributionCopyItemStep
2018-11-05 10:23:14 +0000  Running /usr/bin/ditto '-V' '/Users/wubaofeng/Library/Developer/Xcode/Archives/2018-10-23/SCMForDriver 2018-10-23 上午11.02.xcarchive/Products/Applications/SCMForDriver.app' '/var/folders/dz/hbk3rcl14gg8cr0l6_489gyh0000gn/T/XcodeDistPipeline.uzU/Root/Payload/SCMForDriver.app'
2018-11-05 10:23:14 +0000  >>> Copying /Users/wubaofeng/Library/Developer/Xcode/Archives/2018-10-23/SCMForDriver 2018-10-23 上午11.02.xcarchive/Products/Applications/SCMForDriver.app 
2018-11-05 10:23:14 +0000  copying file ./front@3x.png ... 
2018-11-05 10:23:14 +0000  1370 bytes for ./front@3x.png
2018-11-05 10:23:14 +0000  copying file ./_CodeSignature/CodeResources ... 
2018-11-05 10:23:14 +0000  82000 bytes for ./_CodeSignature/CodeResources
2018-11-05 10:23:14 +0000  copying file ./mapapi.bundle/images/icon_paopao_middle_right.png ... 
2018-11-05 10:23:14 +0000  3411 bytes for ./mapapi.bundle/images/icon_paopao_middle_right.png
2018-11-05 10:23:14 +0000  copying file ./mapapi.bundle/images/icon_nav_bus@2x.png ... 
2018-11-05 10:23:14 +0000  1394 bytes for ./mapapi.bundle/images/icon_nav_bus@2x.png
2018-11-05 10:23:14 +0000  copying file ./mapapi.bundle/images/my_local_icon.png ... 
2018-11-05 10:23:14 +0000  4225 bytes for ./mapapi.bundle/images/my_local_icon.png
2018-11-05 10:23:14 +0000  copying file ./mapapi.bundle/images/icon_nav_start@2x.png ... 
2018-11-05 10:23:14 +0000  7712 bytes for ./mapapi.bundle/images/icon_nav_start@2x.png
2018-11-05 10:23:14 +0000  copying file ./mapapi.bundle/images/icon_paopao_middle_right_highlighted.png ... 
2018-11-05 10:23:14 +0000  3386 bytes for ./mapapi.bundle/images/icon_paopao_middle_right_highlighted.png
2018-11-05 10:23:14 +0000  copying file ./mapapi.bundle/images/baidumap_logo.png ... 
2018-11-05 10:23:14 +0000  4387 bytes for ./mapapi.bundle/images/baidumap_logo.png
copying file ./mapapi.bundle/images/icon_action_paopao_middle_left_highlighted.png ... 
2018-11-05 10:23:14 +0000  3059 bytes for ./mapapi.bundle/images/icon_action_paopao_middle_left_highlighted.png
2018-11-05 10:23:14 +0000  copying file ./mapapi.bundle/images/pin_red.png ... 
2018-11-05 10:23:14 +0000  3865 bytes for ./mapapi.bundle/images/pin_red.png
2018-11-05 10:23:14 +0000  copying file ./mapapi.bundle/images/icon_nav_waypoint.png ... 
2018-11-05 10:23:14 +0000  4693 bytes for ./mapapi.bundle/images/icon_nav_waypoint.png
2018-11-05 10:23:14 +0000  copying file ./mapapi.bundle/images/icon_nav_rail@2x.png ... 
2018-11-05 10:23:14 +0000  1555 bytes for ./mapapi.bundle/images/icon_nav_rail@2x.png
2018-11-05 10:23:14 +0000  copying file ./mapapi.bundle/images/icon_nav_rail.png ... 
2018-11-05 10:23:14 +0000  1950 bytes for ./mapapi.bundle/images/icon_nav_rail.png
2018-11-05 10:23:14 +0000  copying file ./mapapi.bundle/images/icon_nav_end@2x.png ... 
2018-11-05 10:23:14 +0000  7991 bytes for ./mapapi.bundle/images/icon_nav_end@2x.png
2018-11-05 10:23:14 +0000  copying file ./mapapi.bundle/images/pin_purple@2x.png ... 
2018-11-05 10:23:14 +0000  5716 bytes for ./mapapi.bundle/images/pin_purple@2x.png
2018-11-05 10:23:14 +0000  copying file ./mapapi.bundle/images/icon_nav_end.png ... 
2018-11-05 10:23:14 +0000  4793 bytes for ./mapapi.bundle/images/icon_nav_end.png
2018-11-05 10:23:14 +0000  copying file ./mapapi.bundle/images/icon_cellphone@2x.png ... 
2018-11-05 10:23:14 +0000  4674 bytes for ./mapapi.bundle/images/icon_cellphone@2x.png
2018-11-05 10:23:14 +0000  copying file ./mapapi.bundle/images/icon_action_paopao_middle_right_highlighted.png ... 
2018-11-05 10:23:14 +0000  3045 bytes for ./mapapi.bundle/images/icon_action_paopao_middle_right_highlighted.png
2018-11-05 10:23:14 +0000  copying file ./mapapi.bundle/images/icon_paopao_middle_left@2x.png ... 
2018-11-05 10:23:14 +0000  4308 bytes for ./mapapi.bundle/images/icon_paopao_middle_left@2x.png
2018-11-05 10:23:14 +0000  copying file ./mapapi.bundle/images/icon_action_paopao_middle_left_highlighted@2x.png ... 
2018-11-05 10:23:14 +0000  3421 bytes for ./mapapi.bundle/images/icon_action_paopao_middle_left_highlighted@2x.png
2018-11-05 10:23:14 +0000  copying file ./mapapi.bundle/images/icon_paopao_middle_left_highlighted.png ... 
2018-11-05 10:23:14 +0000  3452 bytes for ./mapapi.bundle/images/icon_paopao_middle_left_highlighted.png
2018-11-05 10:23:14 +0000  copying file ./mapapi.bundle/images/icon_action_paopao_middle_right.png ... 
2018-11-05 10:23:14 +0000  3049 bytes for ./mapapi.bundle/images/icon_action_paopao_middle_right.png
2018-11-05 10:23:14 +0000  copying file ./mapapi.bundle/images/icon_line_nofocus.png ... 
2018-11-05 10:23:14 +0000  112 bytes for ./mapapi.bundle/images/icon_line_nofocus.png
2018-11-05 10:23:14 +0000  copying file ./mapapi.bundle/images/direction_wheel@2x.png ... 
2018-11-05 10:23:14 +0000  9255 bytes for ./mapapi.bundle/images/direction_wheel@2x.png
2018-11-05 10:23:14 +0000  copying file ./mapapi.bundle/images/pin_purple.png ... 
2018-11-05 10:23:14 +0000  3909 bytes for ./mapapi.bundle/images/pin_purple.png
2018-11-05 10:23:14 +0000  copying file ./mapapi.bundle/images/icon_center_point@2x.png ... 
2018-11-05 10:23:14 +0000  2470 bytes for ./mapapi.bundle/images/icon_center_point@2x.png
2018-11-05 10:23:14 +0000  copying file ./mapapi.bundle/images/icon_nav_start.png ... 
2018-11-05 10:23:14 +0000  4760 bytes for ./mapapi.bundle/images/icon_nav_start.png
2018-11-05 10:23:14 +0000  copying file ./mapapi.bundle/images/icon_direction.png ... 
2018-11-05 10:23:14 +0000  3334 bytes for ./mapapi.bundle/images/icon_direction.png
2018-11-05 10:23:14 +0000  copying file ./mapapi.bundle/images/icon_action_paopao_middle_left@2x.png ... 
2018-11-05 10:23:14 +0000  3406 bytes for ./mapapi.bundle/images/icon_action_paopao_middle_left@2x.png
2018-11-05 10:23:14 +0000  copying file ./mapapi.bundle/images/icon_paopao_middle_left.png ... 
2018-11-05 10:23:14 +0000  3397 bytes for ./mapapi.bundle/images/icon_paopao_middle_left.png
2018-11-05 10:23:14 +0000  copying file ./mapapi.bundle/images/icon_compass.png ... 
2018-11-05 10:23:14 +0000  3807 bytes for ./mapapi.bundle/images/icon_compass.png
2018-11-05 10:23:14 +0000  copying file ./mapapi.bundle/images/icon_paopao_middle_right@2x.png ... 
2018-11-05 10:23:14 +0000  4202 bytes for ./mapapi.bundle/images/icon_paopao_middle_right@2x.png
2018-11-05 10:23:14 +0000  copying file ./mapapi.bundle/images/direction_wheel.png ... 
2018-11-05 10:23:14 +0000  3839 bytes for ./mapapi.bundle/images/direction_wheel.png
2018-11-05 10:23:14 +0000  copying file ./mapapi.bundle/images/icon_paopao_middle_right_highlighted@2x.png ... 
2018-11-05 10:23:14 +0000  4185 bytes for ./mapapi.bundle/images/icon_paopao_middle_right_highlighted@2x.png
2018-11-05 10:23:14 +0000  copying file ./mapapi.bundle/images/icon_center_point.png ... 
2018-11-05 10:23:14 +0000  1168 bytes for ./mapapi.bundle/images/icon_center_point.png
2018-11-05 10:23:14 +0000  copying file ./mapapi.bundle/images/my_local_icon@2x.png ... 
2018-11-05 10:23:14 +0000  8327 bytes for ./mapapi.bundle/images/my_local_icon@2x.png
2018-11-05 10:23:14 +0000  copying file ./mapapi.bundle/images/lineDashTexture.png ... 
2018-11-05 10:23:14 +0000  194 bytes for ./mapapi.bundle/images/lineDashTexture.png
2018-11-05 10:23:14 +0000  copying file ./mapapi.bundle/images/icon_paopao_middle_left_highlighted@2x.png ... 
2018-11-05 10:23:14 +0000  4291 bytes for ./mapapi.bundle/images/icon_paopao_middle_left_highlighted@2x.png
2018-11-05 10:23:14 +0000  copying file ./mapapi.bundle/images/icon_action_paopao_middle_right_highlighted@2x.png ... 
2018-11-05 10:23:14 +0000  3328 bytes for ./mapapi.bundle/images/icon_action_paopao_middle_right_highlighted@2x.png
2018-11-05 10:23:14 +0000  copying file ./mapapi.bundle/images/bnavi_icon_location_fixed.png ... 
2018-11-05 10:23:14 +0000  601 bytes for ./mapapi.bundle/images/bnavi_icon_location_fixed.png
2018-11-05 10:23:14 +0000  copying file ./mapapi.bundle/images/icon_cellphone.png ... 
2018-11-05 10:23:14 +0000  2703 bytes for ./mapapi.bundle/images/icon_cellphone.png
2018-11-05 10:23:14 +0000  copying file ./mapapi.bundle/images/icon_cellphone2.png ... 
2018-11-05 10:23:14 +0000  3712 bytes for ./mapapi.bundle/images/icon_cellphone2.png
2018-11-05 10:23:14 +0000  copying file ./mapapi.bundle/images/my_local_icon@3x.png ... 
2018-11-05 10:23:14 +0000  12758 bytes for ./mapapi.bundle/images/my_local_icon@3x.png
2018-11-05 10:23:14 +0000  copying file ./mapapi.bundle/images/baidumap_logo@2x.png ... 
2018-11-05 10:23:14 +0000  5920 bytes for ./mapapi.bundle/images/baidumap_logo@2x.png
2018-11-05 10:23:14 +0000  copying file ./mapapi.bundle/images/icon_compass_background@2x.png ... 
2018-11-05 10:23:14 +0000  5464 bytes for ./mapapi.bundle/images/icon_compass_background@2x.png
2018-11-05 10:23:14 +0000  copying file ./mapapi.bundle/images/icon_compass_background.png ... 
2018-11-05 10:23:14 +0000  4797 bytes for ./mapapi.bundle/images/icon_compass_background.png
2018-11-05 10:23:14 +0000  copying file ./mapapi.bundle/images/icon_cellphone2@2x.png ... 
2018-11-05 10:23:14 +0000  7717 bytes for ./mapapi.bundle/images/icon_cellphone2@2x.png
2018-11-05 10:23:14 +0000  copying file ./mapapi.bundle/images/pin_green@2x.png ... 
2018-11-05 10:23:14 +0000  5685 bytes for ./mapapi.bundle/images/pin_green@2x.png
2018-11-05 10:23:14 +0000  copying file ./mapapi.bundle/images/bnavi_icon_location_fixed@2x.png ... 
2018-11-05 10:23:14 +0000  1458 bytes for ./mapapi.bundle/images/bnavi_icon_location_fixed@2x.png
2018-11-05 10:23:14 +0000  copying file ./mapapi.bundle/images/icon_nav_waypoint@2x.png ... 
2018-11-05 10:23:14 +0000  5068 bytes for ./mapapi.bundle/images/icon_nav_waypoint@2x.png
2018-11-05 10:23:14 +0000  copying file ./mapapi.bundle/images/line_texture.png ... 
2018-11-05 10:23:14 +0000  2830 bytes for ./mapapi.bundle/images/line_texture.png
2018-11-05 10:23:14 +0000  copying file ./mapapi.bundle/images/pin_green.png ... 
2018-11-05 10:23:14 +0000  3896 bytes for ./mapapi.bundle/images/pin_green.png
2018-11-05 10:23:14 +0000  copying file ./mapapi.bundle/images/icon_nav_bus.png ... 
2018-11-05 10:23:14 +0000  1818 bytes for ./mapapi.bundle/images/icon_nav_bus.png
2018-11-05 10:23:14 +0000  copying file ./mapapi.bundle/images/icon_direction@2x.png ... 
2018-11-05 10:23:14 +0000  3496 bytes for ./mapapi.bundle/images/icon_direction@2x.png
2018-11-05 10:23:14 +0000  copying file ./mapapi.bundle/images/icon_compass@2x.png ... 
2018-11-05 10:23:14 +0000  2972 bytes for ./mapapi.bundle/images/icon_compass@2x.png
2018-11-05 10:23:14 +0000  copying file ./mapapi.bundle/images/icon_action_paopao_middle_left.png ... 
2018-11-05 10:23:14 +0000  3065 bytes for ./mapapi.bundle/images/icon_action_paopao_middle_left.png
2018-11-05 10:23:14 +0000  copying file ./mapapi.bundle/images/icon_action_paopao_middle_right@2x.png ... 
2018-11-05 10:23:14 +0000  3323 bytes for ./mapapi.bundle/images/icon_action_paopao_middle_right@2x.png
2018-11-05 10:23:14 +0000  copying file ./mapapi.bundle/images/pin_red@2x.png ... 
2018-11-05 10:23:14 +0000  5533 bytes for ./mapapi.bundle/images/pin_red@2x.png
2018-11-05 10:23:14 +0000  copying file ./mapapi.bundle/files/cfg/a/street.sty ... 
2018-11-05 10:23:14 +0000  1374 bytes for ./mapapi.bundle/files/cfg/a/street.sty
2018-11-05 10:23:14 +0000  copying file ./mapapi.bundle/files/cfg/a/DVVersion.cfg ... 
2018-11-05 10:23:14 +0000  700 bytes for ./mapapi.bundle/files/cfg/a/DVVersion.cfg
2018-11-05 10:23:14 +0000  copying file ./mapapi.bundle/files/cfg/a/mode_4/map.sty ... 
2018-11-05 10:23:14 +0000  413269 bytes for ./mapapi.bundle/files/cfg/a/mode_4/map.sty
2018-11-05 10:23:14 +0000  copying file ./mapapi.bundle/files/cfg/a/mode_4/map.rs ... 
2018-11-05 10:23:14 +0000  93341 bytes for ./mapapi.bundle/files/cfg/a/mode_4/map.rs
2018-11-05 10:23:14 +0000  copying file ./mapapi.bundle/files/cfg/a/DVStreet.cfg ... 
2018-11-05 10:23:14 +0000  24669 bytes for ./mapapi.bundle/files/cfg/a/DVStreet.cfg
2018-11-05 10:23:14 +0000  copying file ./mapapi.bundle/files/cfg/a/DVHotcity.cfg ... 
2018-11-05 10:23:14 +0000  1937 bytes for ./mapapi.bundle/files/cfg/a/DVHotcity.cfg
2018-11-05 10:23:14 +0000  copying file ./mapapi.bundle/files/cfg/a/mode_2/map.sty ... 
2018-11-05 10:23:14 +0000  386535 bytes for ./mapapi.bundle/files/cfg/a/mode_2/map.sty
2018-11-05 10:23:14 +0000  copying file ./mapapi.bundle/files/cfg/a/DVDirectory.cfg ... 
2018-11-05 10:23:14 +0000  138510 bytes for ./mapapi.bundle/files/cfg/a/DVDirectory.cfg
2018-11-05 10:23:14 +0000  copying file ./mapapi.bundle/files/cfg/a/DVHotMap.cfg ... 
2018-11-05 10:23:14 +0000  11174 bytes for ./mapapi.bundle/files/cfg/a/DVHotMap.cfg
2018-11-05 10:23:14 +0000  copying file ./mapapi.bundle/files/cfg/a/DVSDirectory.cfg ... 
2018-11-05 10:23:14 +0000  7483 bytes for ./mapapi.bundle/files/cfg/a/DVSDirectory.cfg
2018-11-05 10:23:14 +0000  copying file ./mapapi.bundle/files/cfg/a/mode_1/reduct.sty ... 
2018-11-05 10:23:14 +0000  466440 bytes for ./mapapi.bundle/files/cfg/a/mode_1/reduct.sty
2018-11-05 10:23:14 +0000  copying file ./mapapi.bundle/files/cfg/a/mode_1/map.sty ... 
2018-11-05 10:23:14 +0000  930760 bytes for ./mapapi.bundle/files/cfg/a/mode_1/map.sty
2018-11-05 10:23:14 +0000  copying file ./mapapi.bundle/files/cfg/a/mode_1/traffic.sty ... 
2018-11-05 10:23:14 +0000  468628 bytes for ./mapapi.bundle/files/cfg/a/mode_1/traffic.sty
2018-11-05 10:23:14 +0000  copying file ./mapapi.bundle/files/cfg/a/mode_1/car.sty ... 
2018-11-05 10:23:14 +0000  342834 bytes for ./mapapi.bundle/files/cfg/a/mode_1/car.sty
2018-11-05 10:23:14 +0000  copying file ./mapapi.bundle/files/cfg/a/mode_1/traffic.rs ... 
2018-11-05 10:23:14 +0000  131766 bytes for ./mapapi.bundle/files/cfg/a/mode_1/traffic.rs
2018-11-05 10:23:14 +0000  copying file ./mapapi.bundle/files/cfg/a/mode_1/bus.sty ... 
2018-11-05 10:23:14 +0000  450779 bytes for ./mapapi.bundle/files/cfg/a/mode_1/bus.sty
2018-11-05 10:23:14 +0000  copying file ./mapapi.bundle/files/cfg/a/mode_1/cycle.sty ... 
2018-11-05 10:23:14 +0000  469495 bytes for ./mapapi.bundle/files/cfg/a/mode_1/cycle.sty
2018-11-05 10:23:14 +0000  copying file ./mapapi.bundle/files/cfg/a/mode_1/map.rs ... 
2018-11-05 10:23:14 +0000  858906 bytes for ./mapapi.bundle/files/cfg/a/mode_1/map.rs
2018-11-05 10:23:14 +0000  copying file ./mapapi.bundle/files/cfg/a/mode_1/reduct.rs ... 
2018-11-05 10:23:14 +0000  279264 bytes for ./mapapi.bundle/files/cfg/a/mode_1/reduct.rs
2018-11-05 10:23:14 +0000  copying file ./mapapi.bundle/files/cfg/a/CustomIndex ... 
2018-11-05 10:23:14 +0000  11327 bytes for ./mapapi.bundle/files/cfg/a/CustomIndex
2018-11-05 10:23:14 +0000  copying file ./mapapi.bundle/files/cfg/idrres/baseindoormap.sty ... 
2018-11-05 10:23:14 +0000  47979 bytes for ./mapapi.bundle/files/cfg/idrres/baseindoormap.sty
2018-11-05 10:23:14 +0000  copying file ./mapapi.bundle/files/cfg/idrres/ResPackIndoorMap.rs ... 
2018-11-05 10:23:14 +0000  264334 bytes for ./mapapi.bundle/files/cfg/idrres/ResPackIndoorMap.rs
2018-11-05 10:23:14 +0000  copying file ./mapapi.bundle/files/cfg/idrres/DVIndoor.cfg ... 
2018-11-05 10:23:14 +0000  14408 bytes for ./mapapi.bundle/files/cfg/idrres/DVIndoor.cfg
2018-11-05 10:23:14 +0000  copying file ./TakePhotosCell.nib ... 
2018-11-05 10:23:14 +0000  1169 bytes for ./TakePhotosCell.nib
2018-11-05 10:23:14 +0000  copying file ./SGActionSheet.bundle/en.lproj/Root.strings ... 
2018-11-05 10:23:14 +0000  546 bytes for ./SGActionSheet.bundle/en.lproj/Root.strings
2018-11-05 10:23:14 +0000  copying file ./SGActionSheet.bundle/cell_splitters@2x.png ... 
2018-11-05 10:23:14 +0000  2826 bytes for ./SGActionSheet.bundle/cell_splitters@2x.png
2018-11-05 10:23:14 +0000  copying file ./SGActionSheet.bundle/Root.plist ... 
2018-11-05 10:23:14 +0000  1456 bytes for ./SGActionSheet.bundle/Root.plist
2018-11-05 10:23:14 +0000  copying file ./SGActionSheet.bundle/cell_bg_image_high@2x.png ... 
2018-11-05 10:23:14 +0000  3695 bytes for ./SGActionSheet.bundle/cell_bg_image_high@2x.png
2018-11-05 10:23:14 +0000  copying file ./SGActionSheet.bundle/cell_bg_image@2x.png ... 
2018-11-05 10:23:14 +0000  3728 bytes for ./SGActionSheet.bundle/cell_bg_image@2x.png
2018-11-05 10:23:14 +0000  copying file ./MessageCell.nib ... 
2018-11-05 10:23:14 +0000  4562 bytes for ./MessageCell.nib
2018-11-05 10:23:14 +0000  copying file ./AppIcon20x20@2x.png ... 
2018-11-05 10:23:14 +0000  1649 bytes for ./AppIcon20x20@2x.png
2018-11-05 10:23:14 +0000  copying file ./ZLPhotoBrowser.bundle/zl_clip@2x.png ... 
2018-11-05 10:23:14 +0000  1015 bytes for ./ZLPhotoBrowser.bundle/zl_clip@2x.png
2018-11-05 10:23:14 +0000  copying file ./ZLPhotoBrowser.bundle/arrow_down@3x.png ... 
2018-11-05 10:23:14 +0000  2201 bytes for ./ZLPhotoBrowser.bundle/arrow_down@3x.png
2018-11-05 10:23:14 +0000  copying file ./ZLPhotoBrowser.bundle/iCloud@3x.png ... 
2018-11-05 10:23:14 +0000  5229 bytes for ./ZLPhotoBrowser.bundle/iCloud@3x.png
2018-11-05 10:23:14 +0000  copying file ./ZLPhotoBrowser.bundle/zh-Hans.lproj/Localizable.strings ... 
2018-11-05 10:23:14 +0000  2390 bytes for ./ZLPhotoBrowser.bundle/zh-Hans.lproj/Localizable.strings
2018-11-05 10:23:14 +0000  copying file ./ZLPhotoBrowser.bundle/btn_unselected@3x.png ... 
2018-11-05 10:23:14 +0000  4884 bytes for ./ZLPhotoBrowser.bundle/btn_unselected@3x.png
2018-11-05 10:23:14 +0000  copying file ./ZLPhotoBrowser.bundle/ic_right@2x.png ... 
2018-11-05 10:23:14 +0000  208 bytes for ./ZLPhotoBrowser.bundle/ic_right@2x.png
2018-11-05 10:23:14 +0000  copying file ./ZLPhotoBrowser.bundle/navBackBtn@2x.png ... 
2018-11-05 10:23:14 +0000  116 bytes for ./ZLPhotoBrowser.bundle/navBackBtn@2x.png
2018-11-05 10:23:14 +0000  copying file ./ZLPhotoBrowser.bundle/defaultphoto.png ... 
2018-11-05 10:23:14 +0000  2474 bytes for ./ZLPhotoBrowser.bundle/defaultphoto.png
2018-11-05 10:23:14 +0000  copying file ./ZLPhotoBrowser.bundle/en.lproj/Localizable.strings ... 
2018-11-05 10:23:14 +0000  2373 bytes for ./ZLPhotoBrowser.bundle/en.lproj/Localizable.strings
2018-11-05 10:23:14 +0000  copying file ./ZLPhotoBrowser.bundle/takePhoto@2x.png ... 
2018-11-05 10:23:14 +0000  1420 bytes for ./ZLPhotoBrowser.bundle/takePhoto@2x.png
2018-11-05 10:23:14 +0000  copying file ./ZLPhotoBrowser.bundle/zl_rotateimage.png ... 
2018-11-05 10:23:14 +0000  758 bytes for ./ZLPhotoBrowser.bundle/zl_rotateimage.png
2018-11-05 10:23:14 +0000  copying file ./ZLPhotoBrowser.bundle/videoLoadFailed@2x.png ... 
2018-11-05 10:23:14 +0000  637 bytes for ./ZLPhotoBrowser.bundle/videoLoadFailed@2x.png
2018-11-05 10:23:14 +0000  copying file ./ZLPhotoBrowser.bundle/btn_selected.png ... 
2018-11-05 10:23:14 +0000  598 bytes for ./ZLPhotoBrowser.bundle/btn_selected.png
2018-11-05 10:23:14 +0000  copying file ./ZLPhotoBrowser.bundle/videoLoadFailed@3x.png ... 
2018-11-05 10:23:14 +0000  801 bytes for ./ZLPhotoBrowser.bundle/videoLoadFailed@3x.png
2018-11-05 10:23:14 +0000  copying file ./ZLPhotoBrowser.bundle/takePhoto@3x.png ... 
2018-11-05 10:23:14 +0000  2218 bytes for ./ZLPhotoBrowser.bundle/takePhoto@3x.png
2018-11-05 10:23:14 +0000  copying file ./ZLPhotoBrowser.bundle/ic_right@3x.png ... 
2018-11-05 10:23:14 +0000  502 bytes for ./ZLPhotoBrowser.bundle/ic_right@3x.png
2018-11-05 10:23:14 +0000  copying file ./ZLPhotoBrowser.bundle/btn_unselected@2x.png ... 
2018-11-05 10:23:14 +0000  4084 bytes for ./ZLPhotoBrowser.bundle/btn_unselected@2x.png
2018-11-05 10:23:14 +0000  copying file ./ZLPhotoBrowser.bundle/iCloud@2x.png ... 
2018-11-05 10:23:14 +0000  3268 bytes for ./ZLPhotoBrowser.bundle/iCloud@2x.png
2018-11-05 10:23:14 +0000  copying file ./ZLPhotoBrowser.bundle/arrow_down@2x.png ... 
2018-11-05 10:23:14 +0000  1553 bytes for ./ZLPhotoBrowser.bundle/arrow_down@2x.png
2018-11-05 10:23:14 +0000  copying file ./ZLPhotoBrowser.bundle/lock.png ... 
2018-11-05 10:23:14 +0000  22135 bytes for ./ZLPhotoBrowser.bundle/lock.png
2018-11-05 10:23:14 +0000  copying file ./ZLPhotoBrowser.bundle/zl_clip@3x.png ... 
2018-11-05 10:23:14 +0000  1335 bytes for ./ZLPhotoBrowser.bundle/zl_clip@3x.png
2018-11-05 10:23:14 +0000  copying file ./ZLPhotoBrowser.bundle/zl_rotateimage@2x.png ... 
2018-11-05 10:23:14 +0000  1123 bytes for ./ZLPhotoBrowser.bundle/zl_rotateimage@2x.png
2018-11-05 10:23:14 +0000  copying file ./ZLPhotoBrowser.bundle/playVideo@2x.png ... 
2018-11-05 10:23:14 +0000  21247 bytes for ./ZLPhotoBrowser.bundle/playVideo@2x.png
2018-11-05 10:23:14 +0000  copying file ./ZLPhotoBrowser.bundle/videoView@3x.png ... 
2018-11-05 10:23:14 +0000  15761 bytes for ./ZLPhotoBrowser.bundle/videoView@3x.png
2018-11-05 10:23:14 +0000  copying file ./ZLPhotoBrowser.bundle/retake@2x.png ... 
2018-11-05 10:23:14 +0000  2167 bytes for ./ZLPhotoBrowser.bundle/retake@2x.png
2018-11-05 10:23:14 +0000  copying file ./ZLPhotoBrowser.bundle/btn_rotate.png ... 
2018-11-05 10:23:14 +0000  8924 bytes for ./ZLPhotoBrowser.bundle/btn_rotate.png
2018-11-05 10:23:14 +0000  copying file ./ZLPhotoBrowser.bundle/retake@3x.png ... 
2018-11-05 10:23:14 +0000  3006 bytes for ./ZLPhotoBrowser.bundle/retake@3x.png
2018-11-05 10:23:14 +0000  copying file ./ZLPhotoBrowser.bundle/btn_original_circle.png ... 
2018-11-05 10:23:14 +0000  1037 bytes for ./ZLPhotoBrowser.bundle/btn_original_circle.png
copying file ./ZLPhotoBrowser.bundle/videoView@2x.png ... 
2018-11-05 10:23:14 +0000  15373 bytes for ./ZLPhotoBrowser.bundle/videoView@2x.png
2018-11-05 10:23:14 +0000  copying file ./ZLPhotoBrowser.bundle/playVideo@3x.png ... 
2018-11-05 10:23:14 +0000  23821 bytes for ./ZLPhotoBrowser.bundle/playVideo@3x.png
2018-11-05 10:23:14 +0000  copying file ./ZLPhotoBrowser.bundle/zh-Hant.lproj/Localizable.strings ... 
2018-11-05 10:23:14 +0000  2390 bytes for ./ZLPhotoBrowser.bundle/zh-Hant.lproj/Localizable.strings
2018-11-05 10:23:14 +0000  copying file ./ZLPhotoBrowser.bundle/zl_rotateimage@3x.png ... 
2018-11-05 10:23:14 +0000  1469 bytes for ./ZLPhotoBrowser.bundle/zl_rotateimage@3x.png
2018-11-05 10:23:14 +0000  copying file ./ZLPhotoBrowser.bundle/btn_original_circle@3x.png ... 
2018-11-05 10:23:14 +0000  2668 bytes for ./ZLPhotoBrowser.bundle/btn_original_circle@3x.png
2018-11-05 10:23:14 +0000  copying file ./ZLPhotoBrowser.bundle/iCloud.png ... 
2018-11-05 10:23:14 +0000  1835 bytes for ./ZLPhotoBrowser.bundle/iCloud.png
2018-11-05 10:23:14 +0000  copying file ./ZLPhotoBrowser.bundle/zl_draw@3x.png ... 
2018-11-05 10:23:14 +0000  3079 bytes for ./ZLPhotoBrowser.bundle/zl_draw@3x.png
2018-11-05 10:23:14 +0000  copying file ./ZLPhotoBrowser.bundle/toggle_camera@2x.png ... 
2018-11-05 10:23:14 +0000  2392 bytes for ./ZLPhotoBrowser.bundle/toggle_camera@2x.png
2018-11-05 10:23:14 +0000  copying file ./ZLPhotoBrowser.bundle/btn_circle@2x.png ... 
2018-11-05 10:23:14 +0000  1540 bytes for ./ZLPhotoBrowser.bundle/btn_circle@2x.png
2018-11-05 10:23:14 +0000  copying file ./ZLPhotoBrowser.bundle/btn_circle@3x.png ... 
2018-11-05 10:23:14 +0000  3814 bytes for ./ZLPhotoBrowser.bundle/btn_circle@3x.png
2018-11-05 10:23:14 +0000  copying file ./ZLPhotoBrowser.bundle/zl_draw@2x.png ... 
2018-11-05 10:23:14 +0000  2095 bytes for ./ZLPhotoBrowser.bundle/zl_draw@2x.png
2018-11-05 10:23:14 +0000  copying file ./ZLPhotoBrowser.bundle/toggle_camera@3x.png ... 
2018-11-05 10:23:14 +0000  3492 bytes for ./ZLPhotoBrowser.bundle/toggle_camera@3x.png
2018-11-05 10:23:14 +0000  copying file ./ZLPhotoBrowser.bundle/btn_original_circle@2x.png ... 
2018-11-05 10:23:14 +0000  1885 bytes for ./ZLPhotoBrowser.bundle/btn_original_circle@2x.png
2018-11-05 10:23:14 +0000  copying file ./ZLPhotoBrowser.bundle/focus@3x.png ... 
2018-11-05 10:23:14 +0000  2224 bytes for ./ZLPhotoBrowser.bundle/focus@3x.png
2018-11-05 10:23:14 +0000  copying file ./ZLPhotoBrowser.bundle/btn_unselected.png ... 
2018-11-05 10:23:14 +0000  3313 bytes for ./ZLPhotoBrowser.bundle/btn_unselected.png
2018-11-05 10:23:14 +0000  copying file ./ZLPhotoBrowser.bundle/ic_left@3x.png ... 
2018-11-05 10:23:14 +0000  514 bytes for ./ZLPhotoBrowser.bundle/ic_left@3x.png
2018-11-05 10:23:14 +0000  copying file ./ZLPhotoBrowser.bundle/zl_revoke@2x.png ... 
2018-11-05 10:23:14 +0000  1068 bytes for ./ZLPhotoBrowser.bundle/zl_revoke@2x.png
2018-11-05 10:23:14 +0000  copying file ./ZLPhotoBrowser.bundle/livePhoto@3x.png ... 
2018-11-05 10:23:14 +0000  3462 bytes for ./ZLPhotoBrowser.bundle/livePhoto@3x.png
2018-11-05 10:23:14 +0000  copying file ./ZLPhotoBrowser.bundle/takeok@2x.png ... 
2018-11-05 10:23:14 +0000  2668 bytes for ./ZLPhotoBrowser.bundle/takeok@2x.png
2018-11-05 10:23:14 +0000  copying file ./ZLPhotoBrowser.bundle/zl_filter@3x.png ... 
2018-11-05 10:23:14 +0000  1959 bytes for ./ZLPhotoBrowser.bundle/zl_filter@3x.png
2018-11-05 10:23:14 +0000  copying file ./ZLPhotoBrowser.bundle/video@2x.png ... 
2018-11-05 10:23:14 +0000  1034 bytes for ./ZLPhotoBrowser.bundle/video@2x.png
2018-11-05 10:23:14 +0000  copying file ./ZLPhotoBrowser.bundle/btn_selected@3x.png ... 
2018-11-05 10:23:14 +0000  1775 bytes for ./ZLPhotoBrowser.bundle/btn_selected@3x.png
2018-11-05 10:23:14 +0000  copying file ./ZLPhotoBrowser.bundle/ja-US.lproj/Localizable.strings ... 
2018-11-05 10:23:14 +0000  2783 bytes for ./ZLPhotoBrowser.bundle/ja-US.lproj/Localizable.strings
2018-11-05 10:23:14 +0000  copying file ./ZLPhotoBrowser.bundle/video@3x.png ... 
2018-11-05 10:23:14 +0000  1275 bytes for ./ZLPhotoBrowser.bundle/video@3x.png
2018-11-05 10:23:14 +0000  copying file ./ZLPhotoBrowser.bundle/btn_selected@2x.png ... 
2018-11-05 10:23:14 +0000  1101 bytes for ./ZLPhotoBrowser.bundle/btn_selected@2x.png
2018-11-05 10:23:14 +0000  copying file ./ZLPhotoBrowser.bundle/zl_filter@2x.png ... 
2018-11-05 10:23:14 +0000  1441 bytes for ./ZLPhotoBrowser.bundle/zl_filter@2x.png
2018-11-05 10:23:14 +0000  copying file ./ZLPhotoBrowser.bundle/livePhoto@2x.png ... 
2018-11-05 10:23:14 +0000  2032 bytes for ./ZLPhotoBrowser.bundle/livePhoto@2x.png
2018-11-05 10:23:14 +0000  copying file ./ZLPhotoBrowser.bundle/takeok@3x.png ... 
2018-11-05 10:23:14 +0000  3863 bytes for ./ZLPhotoBrowser.bundle/takeok@3x.png
2018-11-05 10:23:14 +0000  copying file ./ZLPhotoBrowser.bundle/zl_revoke@3x.png ... 
2018-11-05 10:23:14 +0000  1430 bytes for ./ZLPhotoBrowser.bundle/zl_revoke@3x.png
2018-11-05 10:23:14 +0000  copying file ./ZLPhotoBrowser.bundle/ic_left@2x.png ... 
2018-11-05 10:23:14 +0000  203 bytes for ./ZLPhotoBrowser.bundle/ic_left@2x.png
2018-11-05 10:23:14 +0000  copying file ./ZLPhotoBrowser.bundle/fennen.png ... 
2018-11-05 10:23:14 +0000  3062 bytes for ./ZLPhotoBrowser.bundle/fennen.png
2018-11-05 10:23:14 +0000  copying file ./ZLPhotoBrowser.bundle/focus@2x.png ... 
2018-11-05 10:23:14 +0000  1328 bytes for ./ZLPhotoBrowser.bundle/focus@2x.png
2018-11-05 10:23:14 +0000  copying file ./AppIcon20x20@3x.png ... 
2018-11-05 10:23:14 +0000  2737 bytes for ./AppIcon20x20@3x.png
2018-11-05 10:23:14 +0000  copying file ./PickingDetailCell.nib ... 
2018-11-05 10:23:14 +0000  5745 bytes for ./PickingDetailCell.nib
2018-11-05 10:23:14 +0000  copying file ./RegainPasswordViewController.nib ... 
2018-11-05 10:23:14 +0000  974 bytes for ./RegainPasswordViewController.nib
2018-11-05 10:23:14 +0000  copying file ./EnquiryViewCell.nib ... 
2018-11-05 10:23:14 +0000  8414 bytes for ./EnquiryViewCell.nib
2018-11-05 10:23:14 +0000  copying file ./KSSortViewCell.nib ... 
2018-11-05 10:23:14 +0000  3572 bytes for ./KSSortViewCell.nib
2018-11-05 10:23:14 +0000  copying file ./front@2x.png ... 
2018-11-05 10:23:14 +0000  1026 bytes for ./front@2x.png
2018-11-05 10:23:14 +0000  copying file ./AffirmTimeCell.nib ... 
2018-11-05 10:23:14 +0000  3614 bytes for ./AffirmTimeCell.nib
2018-11-05 10:23:14 +0000  copying file ./ZLPhotoBrowserCell.nib ... 
2018-11-05 10:23:14 +0000  3509 bytes for ./ZLPhotoBrowserCell.nib
2018-11-05 10:23:14 +0000  copying file ./AppIcon60x60@2x.png ... 
2018-11-05 10:23:14 +0000  7669 bytes for ./AppIcon60x60@2x.png
2018-11-05 10:23:14 +0000  copying file ./EnquiryDetailCell.nib ... 
2018-11-05 10:23:14 +0000  6389 bytes for ./EnquiryDetailCell.nib
2018-11-05 10:23:14 +0000  copying file ./BatchDetailCell.nib ... 
2018-11-05 10:23:14 +0000  5274 bytes for ./BatchDetailCell.nib
2018-11-05 10:23:14 +0000  copying file ./OrderOperationCell.nib ... 
2018-11-05 10:23:14 +0000  9893 bytes for ./OrderOperationCell.nib
2018-11-05 10:23:14 +0000  copying file ./AppIcon29x29@2x.png ... 
2018-11-05 10:23:14 +0000  3356 bytes for ./AppIcon29x29@2x.png
2018-11-05 10:23:14 +0000  copying file ./ZLPhotoActionSheet.nib ... 
2018-11-05 10:23:14 +0000  6409 bytes for ./ZLPhotoActionSheet.nib
2018-11-05 10:23:14 +0000  copying file ./AppIcon40x40@3x.png ... 
2018-11-05 10:23:14 +0000  6982 bytes for ./AppIcon40x40@3x.png
2018-11-05 10:23:14 +0000  copying file ./TZImagePickerController.bundle/TZAlbumCell.xib ... 
2018-11-05 10:23:14 +0000  4588 bytes for ./TZImagePickerController.bundle/TZAlbumCell.xib
2018-11-05 10:23:14 +0000  copying file ./TZImagePickerController.bundle/takePicture@2x.png ... 
2018-11-05 10:23:14 +0000  5924 bytes for ./TZImagePickerController.bundle/takePicture@2x.png
2018-11-05 10:23:14 +0000  copying file ./TZImagePickerController.bundle/zh-Hans.lproj/Localizable.strings ... 
2018-11-05 10:23:14 +0000  1298 bytes for ./TZImagePickerController.bundle/zh-Hans.lproj/Localizable.strings
2018-11-05 10:23:14 +0000  copying file ./TZImagePickerController.bundle/photo_sel_photoPickerVc@2x.png ... 
2018-11-05 10:23:14 +0000  1006 bytes for ./TZImagePickerController.bundle/photo_sel_photoPickerVc@2x.png
2018-11-05 10:23:14 +0000  copying file ./TZImagePickerController.bundle/en.lproj/Localizable.strings ... 
2018-11-05 10:23:14 +0000  1736 bytes for ./TZImagePickerController.bundle/en.lproj/Localizable.strings
2018-11-05 10:23:14 +0000  copying file ./TZImagePickerController.bundle/TZAssetCell.xib ... 
2018-11-05 10:23:14 +0000  8269 bytes for ./TZImagePickerController.bundle/TZAssetCell.xib
2018-11-05 10:23:14 +0000  copying file ./TZImagePickerController.bundle/MMVideoPreviewPlayHL@2x.png ... 
2018-11-05 10:23:14 +0000  3645 bytes for ./TZImagePickerController.bundle/MMVideoPreviewPlayHL@2x.png
2018-11-05 10:23:14 +0000  copying file ./TZImagePickerController.bundle/photo_sel_previewVc@2x.png ... 
2018-11-05 10:23:14 +0000  1183 bytes for ./TZImagePickerController.bundle/photo_sel_previewVc@2x.png
2018-11-05 10:23:14 +0000  copying file ./TZImagePickerController.bundle/MMVideoPreviewPlay@2x.png ... 
2018-11-05 10:23:14 +0000  3645 bytes for ./TZImagePickerController.bundle/MMVideoPreviewPlay@2x.png
2018-11-05 10:23:14 +0000  copying file ./TZImagePickerController.bundle/preview_original_def@2x.png ... 
2018-11-05 10:23:14 +0000  392 bytes for ./TZImagePickerController.bundle/preview_original_def@2x.png
2018-11-05 10:23:14 +0000  copying file ./TZImagePickerController.bundle/photo_def_previewVc@2x.png ... 
2018-11-05 10:23:14 +0000  1155 bytes for ./TZImagePickerController.bundle/photo_def_previewVc@2x.png
2018-11-05 10:23:14 +0000  copying file ./TZImagePickerController.bundle/photo_original_sel@2x.png ... 
2018-11-05 10:23:14 +0000  620 bytes for ./TZImagePickerController.bundle/photo_original_sel@2x.png
2018-11-05 10:23:14 +0000  copying file ./TZImagePickerController.bundle/photo_def_photoPickerVc@2x.png ... 
2018-11-05 10:23:14 +0000  1155 bytes for ./TZImagePickerController.bundle/photo_def_photoPickerVc@2x.png
2018-11-05 10:23:14 +0000  copying file ./TZImagePickerController.bundle/TableViewArrow@2x.png ... 
2018-11-05 10:23:14 +0000  299 bytes for ./TZImagePickerController.bundle/TableViewArrow@2x.png
2018-11-05 10:23:14 +0000  copying file ./TZImagePickerController.bundle/preview_number_icon@2x.png ... 
2018-11-05 10:23:14 +0000  501 bytes for ./TZImagePickerController.bundle/preview_number_icon@2x.png
2018-11-05 10:23:14 +0000  copying file ./TZImagePickerController.bundle/navi_back@2x.png ... 
2018-11-05 10:23:14 +0000  116 bytes for ./TZImagePickerController.bundle/navi_back@2x.png
2018-11-05 10:23:14 +0000  copying file ./TZImagePickerController.bundle/photo_original_def@2x.png ... 
2018-11-05 10:23:14 +0000  1602 bytes for ./TZImagePickerController.bundle/photo_original_def@2x.png
2018-11-05 10:23:14 +0000  copying file ./TZImagePickerController.bundle/Root.plist ... 
2018-11-05 10:23:14 +0000  1456 bytes for ./TZImagePickerController.bundle/Root.plist
2018-11-05 10:23:14 +0000  copying file ./TZImagePickerController.bundle/photo_number_icon@2x.png ... 
2018-11-05 10:23:14 +0000  501 bytes for ./TZImagePickerController.bundle/photo_number_icon@2x.png
2018-11-05 10:23:14 +0000  copying file ./TZImagePickerController.bundle/VideoSendIcon@2x.png ... 
2018-11-05 10:23:14 +0000  223 bytes for ./TZImagePickerController.bundle/VideoSendIcon@2x.png
2018-11-05 10:23:14 +0000  copying file ./AbnormalSubmitVC.nib ... 
2018-11-05 10:23:14 +0000  986 bytes for ./AbnormalSubmitVC.nib
2018-11-05 10:23:14 +0000  copying file ./TransportDetailCell.nib ... 
2018-11-05 10:23:14 +0000  4276 bytes for ./TransportDetailCell.nib
2018-11-05 10:23:14 +0000  copying file ./MineViewController.nib ... 
2018-11-05 10:23:14 +0000  974 bytes for ./MineViewController.nib
2018-11-05 10:23:14 +0000  copying file ./AppIcon40x40@2x.png ... 
2018-11-05 10:23:14 +0000  4956 bytes for ./AppIcon40x40@2x.png
2018-11-05 10:23:14 +0000  copying file ./AbnormalRemarkCell.nib ... 
2018-11-05 10:23:14 +0000  1173 bytes for ./AbnormalRemarkCell.nib
2018-11-05 10:23:14 +0000  copying file ./AppIcon29x29@3x.png ... 
2018-11-05 10:23:14 +0000  5003 bytes for ./AppIcon29x29@3x.png
2018-11-05 10:23:14 +0000  copying file ./OrderCompletedCell.nib ... 
2018-11-05 10:23:14 +0000  6474 bytes for ./OrderCompletedCell.nib
2018-11-05 10:23:14 +0000  copying file ./CostRemarkCell.nib ... 
2018-11-05 10:23:14 +0000  2711 bytes for ./CostRemarkCell.nib
2018-11-05 10:23:14 +0000  copying file ./AppIcon60x60@3x.png ... 
2018-11-05 10:23:14 +0000  10721 bytes for ./AppIcon60x60@3x.png
2018-11-05 10:23:14 +0000  copying file ./Base.lproj/LaunchScreen.storyboardc/UIViewController-NkA-3S-W0M.nib ... 
2018-11-05 10:23:14 +0000  832 bytes for ./Base.lproj/LaunchScreen.storyboardc/UIViewController-NkA-3S-W0M.nib
2018-11-05 10:23:14 +0000  copying file ./Base.lproj/LaunchScreen.storyboardc/NkA-3S-W0M-view-3Pp-PM-AcT.nib ... 
2018-11-05 10:23:14 +0000  2295 bytes for ./Base.lproj/LaunchScreen.storyboardc/NkA-3S-W0M-view-3Pp-PM-AcT.nib
2018-11-05 10:23:14 +0000  copying file ./Base.lproj/LaunchScreen.storyboardc/Info.plist ... 
2018-11-05 10:23:14 +0000  258 bytes for ./Base.lproj/LaunchScreen.storyboardc/Info.plist
2018-11-05 10:23:14 +0000  copying file ./NotificationSwitchCell.nib ... 
2018-11-05 10:23:14 +0000  3186 bytes for ./NotificationSwitchCell.nib
2018-11-05 10:23:14 +0000  copying file ./WorkStatisticCell.nib ... 
2018-11-05 10:23:14 +0000  7199 bytes for ./WorkStatisticCell.nib
2018-11-05 10:23:14 +0000  copying file ./Assets.car ... 
2018-11-05 10:23:14 +0000  2322344 bytes for ./Assets.car
2018-11-05 10:23:14 +0000  copying file ./AbnormalHeadCell.nib ... 
3444 bytes for ./AbnormalHeadCell.nib
copying file ./MineViewCell.nib ... 
4325 bytes for ./MineViewCell.nib
copying file ./TechnicalSupportCell.nib ... 
2018-11-05 10:23:14 +0000  3799 bytes for ./TechnicalSupportCell.nib
2018-11-05 10:23:14 +0000  copying file ./LoginViewController.nib ... 
2018-11-05 10:23:14 +0000  9221 bytes for ./LoginViewController.nib
2018-11-05 10:23:14 +0000  copying file ./SingMapViewController.nib ... 
2018-11-05 10:23:14 +0000  5907 bytes for ./SingMapViewController.nib
2018-11-05 10:23:14 +0000  copying file ./EnquiryDetailTwoCell.nib ... 
2018-11-05 10:23:14 +0000  6507 bytes for ./EnquiryDetailTwoCell.nib
2018-11-05 10:23:14 +0000  copying file ./OrderChooseCell.nib ... 
2018-11-05 10:23:14 +0000  8432 bytes for ./OrderChooseCell.nib
2018-11-05 10:23:14 +0000  copying file ./CTMLocalFileDB.sqlite ... 
2018-11-05 10:23:14 +0000  16384 bytes for ./CTMLocalFileDB.sqlite
2018-11-05 10:23:14 +0000  copying file ./BatchHeadChooseCell.nib ... 
2018-11-05 10:23:14 +0000  3950 bytes for ./BatchHeadChooseCell.nib
2018-11-05 10:23:14 +0000  copying file ./RegisterViewController.nib ... 
2018-11-05 10:23:14 +0000  974 bytes for ./RegisterViewController.nib
2018-11-05 10:23:14 +0000  copying file ./ContactUsViewController.nib ... 
2018-11-05 10:23:14 +0000  9646 bytes for ./ContactUsViewController.nib
2018-11-05 10:23:14 +0000  copying file ./next.png ... 
2018-11-05 10:23:14 +0000  622 bytes for ./next.png
2018-11-05 10:23:14 +0000  copying file ./ScanQRViewController.nib ... 
2018-11-05 10:23:14 +0000  1538 bytes for ./ScanQRViewController.nib
2018-11-05 10:23:14 +0000  copying file ./next@2x.png ... 
2018-11-05 10:23:14 +0000  1018 bytes for ./next@2x.png
2018-11-05 10:23:14 +0000  copying file ./PYPhotosView.bundle/addimage@3x.png ... 
2018-11-05 10:23:14 +0000  1077 bytes for ./PYPhotosView.bundle/addimage@3x.png
2018-11-05 10:23:14 +0000  copying file ./PYPhotosView.bundle/addimage@2x.png ... 
2018-11-05 10:23:14 +0000  1077 bytes for ./PYPhotosView.bundle/addimage@2x.png
2018-11-05 10:23:14 +0000  copying file ./PYPhotosView.bundle/deleteimage@2x.png ... 
2018-11-05 10:23:14 +0000  241 bytes for ./PYPhotosView.bundle/deleteimage@2x.png
2018-11-05 10:23:14 +0000  copying file ./PYPhotosView.bundle/placeholderimage@3x.png ... 
2018-11-05 10:23:14 +0000  15063 bytes for ./PYPhotosView.bundle/placeholderimage@3x.png
2018-11-05 10:23:14 +0000  copying file ./PYPhotosView.bundle/imageerror@2x.png ... 
2018-11-05 10:23:14 +0000  3420 bytes for ./PYPhotosView.bundle/imageerror@2x.png
2018-11-05 10:23:14 +0000  copying file ./PYPhotosView.bundle/imageerror@3x.png ... 
2018-11-05 10:23:14 +0000  3420 bytes for ./PYPhotosView.bundle/imageerror@3x.png
2018-11-05 10:23:14 +0000  copying file ./PYPhotosView.bundle/placeholderimage@2x.png ... 
2018-11-05 10:23:14 +0000  9419 bytes for ./PYPhotosView.bundle/placeholderimage@2x.png
2018-11-05 10:23:14 +0000  copying file ./PYPhotosView.bundle/imageerror.png ... 
2018-11-05 10:23:14 +0000  3420 bytes for ./PYPhotosView.bundle/imageerror.png
2018-11-05 10:23:14 +0000  copying file ./PYPhotosView.bundle/deleteimage@3x.png ... 
2018-11-05 10:23:14 +0000  476 bytes for ./PYPhotosView.bundle/deleteimage@3x.png
2018-11-05 10:23:14 +0000  copying file ./PYPhotosView.bundle/deleteimage.png ... 
2018-11-05 10:23:14 +0000  241 bytes for ./PYPhotosView.bundle/deleteimage.png
2018-11-05 10:23:14 +0000  copying file ./PYPhotosView.bundle/addimage.png ... 
2018-11-05 10:23:14 +0000  1077 bytes for ./PYPhotosView.bundle/addimage.png
2018-11-05 10:23:14 +0000  copying file ./PYPhotosView.bundle/placeholderimage.png ... 
2018-11-05 10:23:14 +0000  5975 bytes for ./PYPhotosView.bundle/placeholderimage.png
2018-11-05 10:23:14 +0000  copying file ./GoodsMessageCell.nib ... 
2018-11-05 10:23:14 +0000  3506 bytes for ./GoodsMessageCell.nib
2018-11-05 10:23:14 +0000  copying file ./SeviceInfo.plist ... 
2018-11-05 10:23:14 +0000  97 bytes for ./SeviceInfo.plist
2018-11-05 10:23:14 +0000  copying file ./Close@3x.png ... 
2018-11-05 10:23:14 +0000  3381 bytes for ./Close@3x.png
2018-11-05 10:23:14 +0000  copying file ./OrderDetailHeadView.nib ... 
2018-11-05 10:23:14 +0000  7110 bytes for ./OrderDetailHeadView.nib
2018-11-05 10:23:14 +0000  copying file ./embedded.mobileprovision ... 
2018-11-05 10:23:14 +0000  10511 bytes for ./embedded.mobileprovision
2018-11-05 10:23:14 +0000  copying file ./SCMForDriver ... 
2018-11-05 10:23:14 +0000  16788544 bytes for ./SCMForDriver
copying file ./Close@2x.png ... 
2018-11-05 10:23:14 +0000  1605 bytes for ./Close@2x.png
2018-11-05 10:23:14 +0000  copying file ./MainSortViewCell.nib ... 
2018-11-05 10:23:14 +0000  3225 bytes for ./MainSortViewCell.nib
2018-11-05 10:23:14 +0000  copying file ./next@3x.png ... 
2018-11-05 10:23:14 +0000  1385 bytes for ./next@3x.png
2018-11-05 10:23:14 +0000  copying file ./Info.plist ... 
2018-11-05 10:23:14 +0000  2210 bytes for ./Info.plist
2018-11-05 10:23:14 +0000  copying file ./front.png ... 
2018-11-05 10:23:14 +0000  615 bytes for ./front.png
2018-11-05 10:23:14 +0000  copying file ./OrderOperationCell_new.nib ... 
2018-11-05 10:23:14 +0000  11111 bytes for ./OrderOperationCell_new.nib
2018-11-05 10:23:14 +0000  copying file ./RemarkCell.nib ... 
2018-11-05 10:23:14 +0000  3404 bytes for ./RemarkCell.nib
2018-11-05 10:23:14 +0000  copying file ./BatchHeadDefaultCell.nib ... 
2018-11-05 10:23:14 +0000  3927 bytes for ./BatchHeadDefaultCell.nib
2018-11-05 10:23:14 +0000  copying file ./PkgInfo ... 
2018-11-05 10:23:14 +0000  8 bytes for ./PkgInfo
2018-11-05 10:23:14 +0000  copying file ./Close.png ... 
2018-11-05 10:23:14 +0000  825 bytes for ./Close.png
2018-11-05 10:23:14 +0000  
2018-11-05 10:23:14 +0000  
2018-11-05 10:23:14 +0000  /usr/bin/ditto exited with 02018-11-05 10:23:14 +0000  

2018-11-05 10:23:14 +0000  
2018-11-05 10:23:14 +0000  Processing step: IDEDistributionEmbedProfileStep
2018-11-05 10:23:14 +0000  Processing step: IDEDistributionAppThinningPlistStep
2018-11-05 10:23:14 +0000  Skipping step: IDEDistributionAppThinningPlistStep because it said so
2018-11-05 10:23:14 +0000  Processing step: IDEDistributionCompileBitcodeStep
2018-11-05 10:23:14 +0000  Skipping step: IDEDistributionCompileBitcodeStep because it said so
2018-11-05 10:23:14 +0000  Processing step: IDEDistributionCodeSlimmingStep
2018-11-05 10:23:14 +0000  Processing step: IDEDistributionCopyBCSymbolMapsStep
2018-11-05 10:23:14 +0000  Skipping step: IDEDistributionCopyBCSymbolMapsStep because it said so
2018-11-05 10:23:14 +0000  Processing step: IDEDistributionSymbolsStep
2018-11-05 10:23:14 +0000  Skipping step: IDEDistributionSymbolsStep because it said so
2018-11-05 10:23:14 +0000  Processing step: IDEDistributionAppThinningStep
2018-11-05 10:23:14 +0000  Skipping step: IDEDistributionAppThinningStep because it said so
2018-11-05 10:23:14 +0000  Processing step: IDEDistributionODRStep
2018-11-05 10:23:14 +0000  Processing step: IDEDistributionStripXattrsStep
2018-11-05 10:23:14 +0000  Running /usr/bin/xattr '-crs' '/var/folders/dz/hbk3rcl14gg8cr0l6_489gyh0000gn/T/XcodeDistPipeline.uzU/Root/Payload/SCMForDriver.app'
2018-11-05 10:23:14 +0000  2018-11-05 10:23:14 +0000  

2018-11-05 10:23:14 +0000  /usr/bin/xattr exited with 0
2018-11-05 10:23:14 +0000  2018-11-05 10:23:14 +0000  

2018-11-05 10:23:14 +0000  Processing step: IDEDistributionCodesignStep
2018-11-05 10:23:14 +0000  Entitlements for <IDEDistributionItem: 0x7fc4faaa3010 'com.dde56.SCMForDriver' '<DVTFilePath:0x7fc4fa88cf90:'/Users/wubaofeng/Library/Developer/Xcode/Archives/2018-10-23/SCMForDriver 2018-10-23 上午11.02.xcarchive/Products/Applications/SCMForDriver.app'>'>: {
    "application-identifier" = "4Y6LGZLBMD.com.dde56.SCMForDriver";
    "aps-environment" = production;
    "com.apple.developer.team-identifier" = 4Y6LGZLBMD;
    "get-task-allow" = 0;
}
2018-11-05 10:23:14 +0000  Writing entitlements for <IDEDistributionItem: 0x7fc4faaa3010 'com.dde56.SCMForDriver' '<DVTFilePath:0x7fc4fa88cf90:'/Users/wubaofeng/Library/Developer/Xcode/Archives/2018-10-23/SCMForDriver 2018-10-23 上午11.02.xcarchive/Products/Applications/SCMForDriver.app'>'> to: /var/folders/dz/hbk3rcl14gg8cr0l6_489gyh0000gn/T/XcodeDistPipeline.uzU/entitlementsANHngA
2018-11-05 10:23:14 +0000  Running /usr/bin/codesign '-vvv' '--force' '--sign' 'EBC38B546235AFA61331EB87C6A9D2310807FC1E' '--preserve-metadata=identifier,flags' '--entitlements' '/var/folders/dz/hbk3rcl14gg8cr0l6_489gyh0000gn/T/XcodeDistPipeline.uzU/entitlementsANHngA' '/var/folders/dz/hbk3rcl14gg8cr0l6_489gyh0000gn/T/XcodeDistPipeline.uzU/Root/Payload/SCMForDriver.app'
2018-11-05 10:23:15 +0000  /var/folders/dz/hbk3rcl14gg8cr0l6_489gyh0000gn/T/XcodeDistPipeline.uzU/Root/Payload/SCMForDriver.app: replacing existing signature
2018-11-05 10:23:15 +0000  /var/folders/dz/hbk3rcl14gg8cr0l6_489gyh0000gn/T/XcodeDistPipeline.uzU/Root/Payload/SCMForDriver.app: signed app bundle with Mach-O universal (armv7 arm64) [com.dde56.SCMForDriver]
2018-11-05 10:23:15 +0000  2018-11-05 10:23:15 +0000  

2018-11-05 10:23:15 +0000  2018-11-05 10:23:15 +0000  /usr/bin/codesign exited with 0

2018-11-05 10:23:15 +0000  Processing step: IDEDistributionStreamingZipItemStep
2018-11-05 10:23:15 +0000  Skipping step: IDEDistributionStreamingZipItemStep because it said so
2018-11-05 10:23:15 +0000  Processing step: IDEDistributionCreateIPAStep
2018-11-05 10:23:15 +0000  Running /usr/bin/ditto '-V' '-c' '-k' '--norsrc' '/var/folders/dz/hbk3rcl14gg8cr0l6_489gyh0000gn/T/XcodeDistPipeline.uzU/Root' '/var/folders/dz/hbk3rcl14gg8cr0l6_489gyh0000gn/T/XcodeDistPipeline.uzU/Packages/SCMForDriver.ipa'
2018-11-05 10:23:15 +0000  >>> Copying /var/folders/dz/hbk3rcl14gg8cr0l6_489gyh0000gn/T/XcodeDistPipeline.uzU/Root 
2018-11-05 10:23:15 +0000  copying file ./Payload/SCMForDriver.app/front@3x.png ... 
2018-11-05 10:23:15 +0000  1370 bytes for ./Payload/SCMForDriver.app/front@3x.png
2018-11-05 10:23:15 +0000  copying file ./Payload/SCMForDriver.app/_CodeSignature/CodeResources ... 
2018-11-05 10:23:15 +0000  82000 bytes for ./Payload/SCMForDriver.app/_CodeSignature/CodeResources
2018-11-05 10:23:15 +0000  copying file ./Payload/SCMForDriver.app/mapapi.bundle/images/icon_paopao_middle_right.png ... 
2018-11-05 10:23:15 +0000  3411 bytes for ./Payload/SCMForDriver.app/mapapi.bundle/images/icon_paopao_middle_right.png
copying file ./Payload/SCMForDriver.app/mapapi.bundle/images/icon_nav_bus@2x.png ... 
2018-11-05 10:23:15 +0000  1394 bytes for ./Payload/SCMForDriver.app/mapapi.bundle/images/icon_nav_bus@2x.png
copying file ./Payload/SCMForDriver.app/mapapi.bundle/images/my_local_icon.png ... 
2018-11-05 10:23:15 +0000  4225 bytes for ./Payload/SCMForDriver.app/mapapi.bundle/images/my_local_icon.png
copying file ./Payload/SCMForDriver.app/mapapi.bundle/images/icon_nav_start@2x.png ... 
2018-11-05 10:23:15 +0000  7712 bytes for ./Payload/SCMForDriver.app/mapapi.bundle/images/icon_nav_start@2x.png
2018-11-05 10:23:15 +0000  copying file ./Payload/SCMForDriver.app/mapapi.bundle/images/icon_paopao_middle_right_highlighted.png ... 
2018-11-05 10:23:15 +0000  3386 bytes for ./Payload/SCMForDriver.app/mapapi.bundle/images/icon_paopao_middle_right_highlighted.png
copying file ./Payload/SCMForDriver.app/mapapi.bundle/images/baidumap_logo.png ... 
2018-11-05 10:23:15 +0000  4387 bytes for ./Payload/SCMForDriver.app/mapapi.bundle/images/baidumap_logo.png
copying file ./Payload/SCMForDriver.app/mapapi.bundle/images/icon_action_paopao_middle_left_highlighted.png ... 
2018-11-05 10:23:15 +0000  3059 bytes for ./Payload/SCMForDriver.app/mapapi.bundle/images/icon_action_paopao_middle_left_highlighted.png
copying file ./Payload/SCMForDriver.app/mapapi.bundle/images/pin_red.png ... 
2018-11-05 10:23:15 +0000  3865 bytes for ./Payload/SCMForDriver.app/mapapi.bundle/images/pin_red.png
copying file ./Payload/SCMForDriver.app/mapapi.bundle/images/icon_nav_waypoint.png ... 
2018-11-05 10:23:15 +0000  4693 bytes for ./Payload/SCMForDriver.app/mapapi.bundle/images/icon_nav_waypoint.png
copying file ./Payload/SCMForDriver.app/mapapi.bundle/images/icon_nav_rail@2x.png ... 
2018-11-05 10:23:15 +0000  1555 bytes for ./Payload/SCMForDriver.app/mapapi.bundle/images/icon_nav_rail@2x.png
2018-11-05 10:23:15 +0000  copying file ./Payload/SCMForDriver.app/mapapi.bundle/images/icon_nav_rail.png ... 
2018-11-05 10:23:15 +0000  1950 bytes for ./Payload/SCMForDriver.app/mapapi.bundle/images/icon_nav_rail.png
copying file ./Payload/SCMForDriver.app/mapapi.bundle/images/icon_nav_end@2x.png ... 
2018-11-05 10:23:15 +0000  7991 bytes for ./Payload/SCMForDriver.app/mapapi.bundle/images/icon_nav_end@2x.png
copying file ./Payload/SCMForDriver.app/mapapi.bundle/images/pin_purple@2x.png ... 
2018-11-05 10:23:15 +0000  5716 bytes for ./Payload/SCMForDriver.app/mapapi.bundle/images/pin_purple@2x.png
copying file ./Payload/SCMForDriver.app/mapapi.bundle/images/icon_nav_end.png ... 
2018-11-05 10:23:15 +0000  4793 bytes for ./Payload/SCMForDriver.app/mapapi.bundle/images/icon_nav_end.png
copying file ./Payload/SCMForDriver.app/mapapi.bundle/images/icon_cellphone@2x.png ... 
2018-11-05 10:23:15 +0000  4674 bytes for ./Payload/SCMForDriver.app/mapapi.bundle/images/icon_cellphone@2x.png
copying file ./Payload/SCMForDriver.app/mapapi.bundle/images/icon_action_paopao_middle_right_highlighted.png ... 
2018-11-05 10:23:15 +0000  3045 bytes for ./Payload/SCMForDriver.app/mapapi.bundle/images/icon_action_paopao_middle_right_highlighted.png
copying file ./Payload/SCMForDriver.app/mapapi.bundle/images/icon_paopao_middle_left@2x.png ... 
2018-11-05 10:23:15 +0000  4308 bytes for ./Payload/SCMForDriver.app/mapapi.bundle/images/icon_paopao_middle_left@2x.png
copying file ./Payload/SCMForDriver.app/mapapi.bundle/images/icon_action_paopao_middle_left_highlighted@2x.png ... 
2018-11-05 10:23:15 +0000  3421 bytes for ./Payload/SCMForDriver.app/mapapi.bundle/images/icon_action_paopao_middle_left_highlighted@2x.png
copying file ./Payload/SCMForDriver.app/mapapi.bundle/images/icon_paopao_middle_left_highlighted.png ... 
2018-11-05 10:23:15 +0000  3452 bytes for ./Payload/SCMForDriver.app/mapapi.bundle/images/icon_paopao_middle_left_highlighted.png
2018-11-05 10:23:15 +0000  copying file ./Payload/SCMForDriver.app/mapapi.bundle/images/icon_action_paopao_middle_right.png ... 
2018-11-05 10:23:15 +0000  3049 bytes for ./Payload/SCMForDriver.app/mapapi.bundle/images/icon_action_paopao_middle_right.png
copying file ./Payload/SCMForDriver.app/mapapi.bundle/images/icon_line_nofocus.png ... 
2018-11-05 10:23:15 +0000  112 bytes for ./Payload/SCMForDriver.app/mapapi.bundle/images/icon_line_nofocus.png
copying file ./Payload/SCMForDriver.app/mapapi.bundle/images/direction_wheel@2x.png ... 
2018-11-05 10:23:15 +0000  9255 bytes for ./Payload/SCMForDriver.app/mapapi.bundle/images/direction_wheel@2x.png
copying file ./Payload/SCMForDriver.app/mapapi.bundle/images/pin_purple.png ... 
2018-11-05 10:23:15 +0000  3909 bytes for ./Payload/SCMForDriver.app/mapapi.bundle/images/pin_purple.png
copying file ./Payload/SCMForDriver.app/mapapi.bundle/images/icon_center_point@2x.png ... 
2018-11-05 10:23:15 +0000  2470 bytes for ./Payload/SCMForDriver.app/mapapi.bundle/images/icon_center_point@2x.png
copying file ./Payload/SCMForDriver.app/mapapi.bundle/images/icon_nav_start.png ... 
2018-11-05 10:23:15 +0000  4760 bytes for ./Payload/SCMForDriver.app/mapapi.bundle/images/icon_nav_start.png
copying file ./Payload/SCMForDriver.app/mapapi.bundle/images/icon_direction.png ... 
2018-11-05 10:23:15 +0000  3334 bytes for ./Payload/SCMForDriver.app/mapapi.bundle/images/icon_direction.png
2018-11-05 10:23:15 +0000  copying file ./Payload/SCMForDriver.app/mapapi.bundle/images/icon_action_paopao_middle_left@2x.png ... 
2018-11-05 10:23:15 +0000  3406 bytes for ./Payload/SCMForDriver.app/mapapi.bundle/images/icon_action_paopao_middle_left@2x.png
copying file ./Payload/SCMForDriver.app/mapapi.bundle/images/icon_paopao_middle_left.png ... 
2018-11-05 10:23:15 +0000  3397 bytes for ./Payload/SCMForDriver.app/mapapi.bundle/images/icon_paopao_middle_left.png
copying file ./Payload/SCMForDriver.app/mapapi.bundle/images/icon_compass.png ... 
2018-11-05 10:23:15 +0000  3807 bytes for ./Payload/SCMForDriver.app/mapapi.bundle/images/icon_compass.png
copying file ./Payload/SCMForDriver.app/mapapi.bundle/images/icon_paopao_middle_right@2x.png ... 
2018-11-05 10:23:15 +0000  4202 bytes for ./Payload/SCMForDriver.app/mapapi.bundle/images/icon_paopao_middle_right@2x.png
copying file ./Payload/SCMForDriver.app/mapapi.bundle/images/direction_wheel.png ... 
2018-11-05 10:23:15 +0000  3839 bytes for ./Payload/SCMForDriver.app/mapapi.bundle/images/direction_wheel.png
copying file ./Payload/SCMForDriver.app/mapapi.bundle/images/icon_paopao_middle_right_highlighted@2x.png ... 
2018-11-05 10:23:15 +0000  4185 bytes for ./Payload/SCMForDriver.app/mapapi.bundle/images/icon_paopao_middle_right_highlighted@2x.png
copying file ./Payload/SCMForDriver.app/mapapi.bundle/images/icon_center_point.png ... 
2018-11-05 10:23:15 +0000  1168 bytes for ./Payload/SCMForDriver.app/mapapi.bundle/images/icon_center_point.png
copying file ./Payload/SCMForDriver.app/mapapi.bundle/images/my_local_icon@2x.png ... 
2018-11-05 10:23:15 +0000  8327 bytes for ./Payload/SCMForDriver.app/mapapi.bundle/images/my_local_icon@2x.png
copying file ./Payload/SCMForDriver.app/mapapi.bundle/images/lineDashTexture.png ... 
2018-11-05 10:23:15 +0000  194 bytes for ./Payload/SCMForDriver.app/mapapi.bundle/images/lineDashTexture.png
copying file ./Payload/SCMForDriver.app/mapapi.bundle/images/icon_paopao_middle_left_highlighted@2x.png ... 
2018-11-05 10:23:15 +0000  4291 bytes for ./Payload/SCMForDriver.app/mapapi.bundle/images/icon_paopao_middle_left_highlighted@2x.png
copying file ./Payload/SCMForDriver.app/mapapi.bundle/images/icon_action_paopao_middle_right_highlighted@2x.png ... 
2018-11-05 10:23:15 +0000  3328 bytes for ./Payload/SCMForDriver.app/mapapi.bundle/images/icon_action_paopao_middle_right_highlighted@2x.png
copying file ./Payload/SCMForDriver.app/mapapi.bundle/images/bnavi_icon_location_fixed.png ... 
2018-11-05 10:23:15 +0000  601 bytes for ./Payload/SCMForDriver.app/mapapi.bundle/images/bnavi_icon_location_fixed.png
copying file ./Payload/SCMForDriver.app/mapapi.bundle/images/icon_cellphone.png ... 
2018-11-05 10:23:15 +0000  2703 bytes for ./Payload/SCMForDriver.app/mapapi.bundle/images/icon_cellphone.png
copying file ./Payload/SCMForDriver.app/mapapi.bundle/images/icon_cellphone2.png ... 
2018-11-05 10:23:15 +0000  3712 bytes for ./Payload/SCMForDriver.app/mapapi.bundle/images/icon_cellphone2.png
copying file ./Payload/SCMForDriver.app/mapapi.bundle/images/my_local_icon@3x.png ... 
2018-11-05 10:23:15 +0000  12758 bytes for ./Payload/SCMForDriver.app/mapapi.bundle/images/my_local_icon@3x.png
copying file ./Payload/SCMForDriver.app/mapapi.bundle/images/baidumap_logo@2x.png ... 
2018-11-05 10:23:15 +0000  5920 bytes for ./Payload/SCMForDriver.app/mapapi.bundle/images/baidumap_logo@2x.png
copying file ./Payload/SCMForDriver.app/mapapi.bundle/images/icon_compass_background@2x.png ... 
2018-11-05 10:23:15 +0000  5464 bytes for ./Payload/SCMForDriver.app/mapapi.bundle/images/icon_compass_background@2x.png
2018-11-05 10:23:15 +0000  copying file ./Payload/SCMForDriver.app/mapapi.bundle/images/icon_compass_background.png ... 
2018-11-05 10:23:15 +0000  4797 bytes for ./Payload/SCMForDriver.app/mapapi.bundle/images/icon_compass_background.png
copying file ./Payload/SCMForDriver.app/mapapi.bundle/images/icon_cellphone2@2x.png ... 
2018-11-05 10:23:15 +0000  7717 bytes for ./Payload/SCMForDriver.app/mapapi.bundle/images/icon_cellphone2@2x.png
copying file ./Payload/SCMForDriver.app/mapapi.bundle/images/pin_green@2x.png ... 
2018-11-05 10:23:15 +0000  5685 bytes for ./Payload/SCMForDriver.app/mapapi.bundle/images/pin_green@2x.png
copying file ./Payload/SCMForDriver.app/mapapi.bundle/images/bnavi_icon_location_fixed@2x.png ... 
2018-11-05 10:23:15 +0000  1458 bytes for ./Payload/SCMForDriver.app/mapapi.bundle/images/bnavi_icon_location_fixed@2x.png
2018-11-05 10:23:15 +0000  copying file ./Payload/SCMForDriver.app/mapapi.bundle/images/icon_nav_waypoint@2x.png ... 
2018-11-05 10:23:15 +0000  5068 bytes for ./Payload/SCMForDriver.app/mapapi.bundle/images/icon_nav_waypoint@2x.png
copying file ./Payload/SCMForDriver.app/mapapi.bundle/images/line_texture.png ... 
2018-11-05 10:23:15 +0000  2830 bytes for ./Payload/SCMForDriver.app/mapapi.bundle/images/line_texture.png
2018-11-05 10:23:15 +0000  copying file ./Payload/SCMForDriver.app/mapapi.bundle/images/pin_green.png ... 
2018-11-05 10:23:15 +0000  3896 bytes for ./Payload/SCMForDriver.app/mapapi.bundle/images/pin_green.png
copying file ./Payload/SCMForDriver.app/mapapi.bundle/images/icon_nav_bus.png ... 
2018-11-05 10:23:15 +0000  1818 bytes for ./Payload/SCMForDriver.app/mapapi.bundle/images/icon_nav_bus.png
copying file ./Payload/SCMForDriver.app/mapapi.bundle/images/icon_direction@2x.png ... 
2018-11-05 10:23:15 +0000  3496 bytes for ./Payload/SCMForDriver.app/mapapi.bundle/images/icon_direction@2x.png
2018-11-05 10:23:15 +0000  copying file ./Payload/SCMForDriver.app/mapapi.bundle/images/icon_compass@2x.png ... 
2018-11-05 10:23:15 +0000  2972 bytes for ./Payload/SCMForDriver.app/mapapi.bundle/images/icon_compass@2x.png
copying file ./Payload/SCMForDriver.app/mapapi.bundle/images/icon_action_paopao_middle_left.png ... 
2018-11-05 10:23:15 +0000  3065 bytes for ./Payload/SCMForDriver.app/mapapi.bundle/images/icon_action_paopao_middle_left.png
copying file ./Payload/SCMForDriver.app/mapapi.bundle/images/icon_action_paopao_middle_right@2x.png ... 
2018-11-05 10:23:15 +0000  3323 bytes for ./Payload/SCMForDriver.app/mapapi.bundle/images/icon_action_paopao_middle_right@2x.png
copying file ./Payload/SCMForDriver.app/mapapi.bundle/images/pin_red@2x.png ... 
2018-11-05 10:23:15 +0000  5533 bytes for ./Payload/SCMForDriver.app/mapapi.bundle/images/pin_red@2x.png
2018-11-05 10:23:15 +0000  copying file ./Payload/SCMForDriver.app/mapapi.bundle/files/cfg/a/street.sty ... 
2018-11-05 10:23:15 +0000  1374 bytes for ./Payload/SCMForDriver.app/mapapi.bundle/files/cfg/a/street.sty
2018-11-05 10:23:15 +0000  copying file ./Payload/SCMForDriver.app/mapapi.bundle/files/cfg/a/DVVersion.cfg ... 
2018-11-05 10:23:15 +0000  700 bytes for ./Payload/SCMForDriver.app/mapapi.bundle/files/cfg/a/DVVersion.cfg
copying file ./Payload/SCMForDriver.app/mapapi.bundle/files/cfg/a/mode_4/map.sty ... 
2018-11-05 10:23:15 +0000  413269 bytes for ./Payload/SCMForDriver.app/mapapi.bundle/files/cfg/a/mode_4/map.sty
copying file ./Payload/SCMForDriver.app/mapapi.bundle/files/cfg/a/mode_4/map.rs ... 
2018-11-05 10:23:15 +0000  93341 bytes for ./Payload/SCMForDriver.app/mapapi.bundle/files/cfg/a/mode_4/map.rs
2018-11-05 10:23:15 +0000  copying file ./Payload/SCMForDriver.app/mapapi.bundle/files/cfg/a/DVStreet.cfg ... 
2018-11-05 10:23:15 +0000  24669 bytes for ./Payload/SCMForDriver.app/mapapi.bundle/files/cfg/a/DVStreet.cfg
copying file ./Payload/SCMForDriver.app/mapapi.bundle/files/cfg/a/DVHotcity.cfg ... 
2018-11-05 10:23:15 +0000  1937 bytes for ./Payload/SCMForDriver.app/mapapi.bundle/files/cfg/a/DVHotcity.cfg
copying file ./Payload/SCMForDriver.app/mapapi.bundle/files/cfg/a/mode_2/map.sty ... 
2018-11-05 10:23:15 +0000  386535 bytes for ./Payload/SCMForDriver.app/mapapi.bundle/files/cfg/a/mode_2/map.sty
2018-11-05 10:23:15 +0000  copying file ./Payload/SCMForDriver.app/mapapi.bundle/files/cfg/a/DVDirectory.cfg ... 
2018-11-05 10:23:15 +0000  138510 bytes for ./Payload/SCMForDriver.app/mapapi.bundle/files/cfg/a/DVDirectory.cfg
2018-11-05 10:23:15 +0000  copying file ./Payload/SCMForDriver.app/mapapi.bundle/files/cfg/a/DVHotMap.cfg ... 
2018-11-05 10:23:15 +0000  11174 bytes for ./Payload/SCMForDriver.app/mapapi.bundle/files/cfg/a/DVHotMap.cfg
2018-11-05 10:23:15 +0000  copying file ./Payload/SCMForDriver.app/mapapi.bundle/files/cfg/a/DVSDirectory.cfg ... 
2018-11-05 10:23:15 +0000  7483 bytes for ./Payload/SCMForDriver.app/mapapi.bundle/files/cfg/a/DVSDirectory.cfg
2018-11-05 10:23:15 +0000  copying file ./Payload/SCMForDriver.app/mapapi.bundle/files/cfg/a/mode_1/reduct.sty ... 
2018-11-05 10:23:15 +0000  466440 bytes for ./Payload/SCMForDriver.app/mapapi.bundle/files/cfg/a/mode_1/reduct.sty
2018-11-05 10:23:15 +0000  copying file ./Payload/SCMForDriver.app/mapapi.bundle/files/cfg/a/mode_1/map.sty ... 
2018-11-05 10:23:15 +0000  930760 bytes for ./Payload/SCMForDriver.app/mapapi.bundle/files/cfg/a/mode_1/map.sty
2018-11-05 10:23:15 +0000  copying file ./Payload/SCMForDriver.app/mapapi.bundle/files/cfg/a/mode_1/traffic.sty ... 
2018-11-05 10:23:15 +0000  468628 bytes for ./Payload/SCMForDriver.app/mapapi.bundle/files/cfg/a/mode_1/traffic.sty
copying file ./Payload/SCMForDriver.app/mapapi.bundle/files/cfg/a/mode_1/car.sty ... 
2018-11-05 10:23:15 +0000  342834 bytes for ./Payload/SCMForDriver.app/mapapi.bundle/files/cfg/a/mode_1/car.sty
copying file ./Payload/SCMForDriver.app/mapapi.bundle/files/cfg/a/mode_1/traffic.rs ... 
2018-11-05 10:23:15 +0000  131766 bytes for ./Payload/SCMForDriver.app/mapapi.bundle/files/cfg/a/mode_1/traffic.rs
copying file ./Payload/SCMForDriver.app/mapapi.bundle/files/cfg/a/mode_1/bus.sty ... 
2018-11-05 10:23:15 +0000  450779 bytes for ./Payload/SCMForDriver.app/mapapi.bundle/files/cfg/a/mode_1/bus.sty
copying file ./Payload/SCMForDriver.app/mapapi.bundle/files/cfg/a/mode_1/cycle.sty ... 
2018-11-05 10:23:15 +0000  469495 bytes for ./Payload/SCMForDriver.app/mapapi.bundle/files/cfg/a/mode_1/cycle.sty
copying file ./Payload/SCMForDriver.app/mapapi.bundle/files/cfg/a/mode_1/map.rs ... 
2018-11-05 10:23:15 +0000  858906 bytes for ./Payload/SCMForDriver.app/mapapi.bundle/files/cfg/a/mode_1/map.rs
2018-11-05 10:23:15 +0000  copying file ./Payload/SCMForDriver.app/mapapi.bundle/files/cfg/a/mode_1/reduct.rs ... 
2018-11-05 10:23:15 +0000  279264 bytes for ./Payload/SCMForDriver.app/mapapi.bundle/files/cfg/a/mode_1/reduct.rs
2018-11-05 10:23:15 +0000  copying file ./Payload/SCMForDriver.app/mapapi.bundle/files/cfg/a/CustomIndex ... 
2018-11-05 10:23:15 +0000  11327 bytes for ./Payload/SCMForDriver.app/mapapi.bundle/files/cfg/a/CustomIndex
2018-11-05 10:23:15 +0000  copying file ./Payload/SCMForDriver.app/mapapi.bundle/files/cfg/idrres/baseindoormap.sty ... 
2018-11-05 10:23:15 +0000  47979 bytes for ./Payload/SCMForDriver.app/mapapi.bundle/files/cfg/idrres/baseindoormap.sty
2018-11-05 10:23:15 +0000  copying file ./Payload/SCMForDriver.app/mapapi.bundle/files/cfg/idrres/ResPackIndoorMap.rs ... 
2018-11-05 10:23:15 +0000  264334 bytes for ./Payload/SCMForDriver.app/mapapi.bundle/files/cfg/idrres/ResPackIndoorMap.rs
2018-11-05 10:23:15 +0000  copying file ./Payload/SCMForDriver.app/mapapi.bundle/files/cfg/idrres/DVIndoor.cfg ... 
2018-11-05 10:23:15 +0000  14408 bytes for ./Payload/SCMForDriver.app/mapapi.bundle/files/cfg/idrres/DVIndoor.cfg
2018-11-05 10:23:15 +0000  copying file ./Payload/SCMForDriver.app/TakePhotosCell.nib ... 
2018-11-05 10:23:15 +0000  1169 bytes for ./Payload/SCMForDriver.app/TakePhotosCell.nib
2018-11-05 10:23:15 +0000  copying file ./Payload/SCMForDriver.app/SGActionSheet.bundle/en.lproj/Root.strings ... 
546 bytes for ./Payload/SCMForDriver.app/SGActionSheet.bundle/en.lproj/Root.strings
2018-11-05 10:23:15 +0000  copying file ./Payload/SCMForDriver.app/SGActionSheet.bundle/cell_splitters@2x.png ... 
2826 bytes for ./Payload/SCMForDriver.app/SGActionSheet.bundle/cell_splitters@2x.png
copying file ./Payload/SCMForDriver.app/SGActionSheet.bundle/Root.plist ... 
2018-11-05 10:23:15 +0000  1456 bytes for ./Payload/SCMForDriver.app/SGActionSheet.bundle/Root.plist
copying file ./Payload/SCMForDriver.app/SGActionSheet.bundle/cell_bg_image_high@2x.png ... 
2018-11-05 10:23:15 +0000  3695 bytes for ./Payload/SCMForDriver.app/SGActionSheet.bundle/cell_bg_image_high@2x.png
copying file ./Payload/SCMForDriver.app/SGActionSheet.bundle/cell_bg_image@2x.png ... 
2018-11-05 10:23:15 +0000  3728 bytes for ./Payload/SCMForDriver.app/SGActionSheet.bundle/cell_bg_image@2x.png
copying file ./Payload/SCMForDriver.app/MessageCell.nib ... 
2018-11-05 10:23:15 +0000  4562 bytes for ./Payload/SCMForDriver.app/MessageCell.nib
2018-11-05 10:23:15 +0000  copying file ./Payload/SCMForDriver.app/AppIcon20x20@2x.png ... 
2018-11-05 10:23:15 +0000  1649 bytes for ./Payload/SCMForDriver.app/AppIcon20x20@2x.png
2018-11-05 10:23:15 +0000  copying file ./Payload/SCMForDriver.app/ZLPhotoBrowser.bundle/zl_clip@2x.png ... 
2018-11-05 10:23:15 +0000  1015 bytes for ./Payload/SCMForDriver.app/ZLPhotoBrowser.bundle/zl_clip@2x.png
2018-11-05 10:23:15 +0000  copying file ./Payload/SCMForDriver.app/ZLPhotoBrowser.bundle/arrow_down@3x.png ... 
2018-11-05 10:23:15 +0000  2201 bytes for ./Payload/SCMForDriver.app/ZLPhotoBrowser.bundle/arrow_down@3x.png
2018-11-05 10:23:15 +0000  copying file ./Payload/SCMForDriver.app/ZLPhotoBrowser.bundle/iCloud@3x.png ... 
2018-11-05 10:23:15 +0000  5229 bytes for ./Payload/SCMForDriver.app/ZLPhotoBrowser.bundle/iCloud@3x.png
copying file ./Payload/SCMForDriver.app/ZLPhotoBrowser.bundle/zh-Hans.lproj/Localizable.strings ... 
2018-11-05 10:23:15 +0000  2390 bytes for ./Payload/SCMForDriver.app/ZLPhotoBrowser.bundle/zh-Hans.lproj/Localizable.strings
2018-11-05 10:23:15 +0000  copying file ./Payload/SCMForDriver.app/ZLPhotoBrowser.bundle/btn_unselected@3x.png ... 
2018-11-05 10:23:15 +0000  4884 bytes for ./Payload/SCMForDriver.app/ZLPhotoBrowser.bundle/btn_unselected@3x.png
copying file ./Payload/SCMForDriver.app/ZLPhotoBrowser.bundle/ic_right@2x.png ... 
2018-11-05 10:23:15 +0000  208 bytes for ./Payload/SCMForDriver.app/ZLPhotoBrowser.bundle/ic_right@2x.png
copying file ./Payload/SCMForDriver.app/ZLPhotoBrowser.bundle/navBackBtn@2x.png ... 
2018-11-05 10:23:15 +0000  116 bytes for ./Payload/SCMForDriver.app/ZLPhotoBrowser.bundle/navBackBtn@2x.png
copying file ./Payload/SCMForDriver.app/ZLPhotoBrowser.bundle/defaultphoto.png ... 
2018-11-05 10:23:15 +0000  2474 bytes for ./Payload/SCMForDriver.app/ZLPhotoBrowser.bundle/defaultphoto.png
2018-11-05 10:23:15 +0000  copying file ./Payload/SCMForDriver.app/ZLPhotoBrowser.bundle/en.lproj/Localizable.strings ... 
2018-11-05 10:23:15 +0000  2373 bytes for ./Payload/SCMForDriver.app/ZLPhotoBrowser.bundle/en.lproj/Localizable.strings
copying file ./Payload/SCMForDriver.app/ZLPhotoBrowser.bundle/takePhoto@2x.png ... 
2018-11-05 10:23:15 +0000  1420 bytes for ./Payload/SCMForDriver.app/ZLPhotoBrowser.bundle/takePhoto@2x.png
copying file ./Payload/SCMForDriver.app/ZLPhotoBrowser.bundle/zl_rotateimage.png ... 
2018-11-05 10:23:15 +0000  758 bytes for ./Payload/SCMForDriver.app/ZLPhotoBrowser.bundle/zl_rotateimage.png
2018-11-05 10:23:15 +0000  copying file ./Payload/SCMForDriver.app/ZLPhotoBrowser.bundle/videoLoadFailed@2x.png ... 
2018-11-05 10:23:15 +0000  637 bytes for ./Payload/SCMForDriver.app/ZLPhotoBrowser.bundle/videoLoadFailed@2x.png
copying file ./Payload/SCMForDriver.app/ZLPhotoBrowser.bundle/btn_selected.png ... 
2018-11-05 10:23:15 +0000  598 bytes for ./Payload/SCMForDriver.app/ZLPhotoBrowser.bundle/btn_selected.png
copying file ./Payload/SCMForDriver.app/ZLPhotoBrowser.bundle/videoLoadFailed@3x.png ... 
2018-11-05 10:23:15 +0000  801 bytes for ./Payload/SCMForDriver.app/ZLPhotoBrowser.bundle/videoLoadFailed@3x.png
copying file ./Payload/SCMForDriver.app/ZLPhotoBrowser.bundle/takePhoto@3x.png ... 
2018-11-05 10:23:15 +0000  2218 bytes for ./Payload/SCMForDriver.app/ZLPhotoBrowser.bundle/takePhoto@3x.png
copying file ./Payload/SCMForDriver.app/ZLPhotoBrowser.bundle/ic_right@3x.png ... 
2018-11-05 10:23:15 +0000  502 bytes for ./Payload/SCMForDriver.app/ZLPhotoBrowser.bundle/ic_right@3x.png
copying file ./Payload/SCMForDriver.app/ZLPhotoBrowser.bundle/btn_unselected@2x.png ... 
2018-11-05 10:23:15 +0000  4084 bytes for ./Payload/SCMForDriver.app/ZLPhotoBrowser.bundle/btn_unselected@2x.png
copying file ./Payload/SCMForDriver.app/ZLPhotoBrowser.bundle/iCloud@2x.png ... 
2018-11-05 10:23:15 +0000  3268 bytes for ./Payload/SCMForDriver.app/ZLPhotoBrowser.bundle/iCloud@2x.png
2018-11-05 10:23:15 +0000  copying file ./Payload/SCMForDriver.app/ZLPhotoBrowser.bundle/arrow_down@2x.png ... 
2018-11-05 10:23:15 +0000  1553 bytes for ./Payload/SCMForDriver.app/ZLPhotoBrowser.bundle/arrow_down@2x.png
copying file ./Payload/SCMForDriver.app/ZLPhotoBrowser.bundle/lock.png ... 
2018-11-05 10:23:15 +0000  22135 bytes for ./Payload/SCMForDriver.app/ZLPhotoBrowser.bundle/lock.png
2018-11-05 10:23:15 +0000  copying file ./Payload/SCMForDriver.app/ZLPhotoBrowser.bundle/zl_clip@3x.png ... 
2018-11-05 10:23:15 +0000  1335 bytes for ./Payload/SCMForDriver.app/ZLPhotoBrowser.bundle/zl_clip@3x.png
copying file ./Payload/SCMForDriver.app/ZLPhotoBrowser.bundle/zl_rotateimage@2x.png ... 
2018-11-05 10:23:15 +0000  1123 bytes for ./Payload/SCMForDriver.app/ZLPhotoBrowser.bundle/zl_rotateimage@2x.png
copying file ./Payload/SCMForDriver.app/ZLPhotoBrowser.bundle/playVideo@2x.png ... 
2018-11-05 10:23:15 +0000  21247 bytes for ./Payload/SCMForDriver.app/ZLPhotoBrowser.bundle/playVideo@2x.png
2018-11-05 10:23:15 +0000  copying file ./Payload/SCMForDriver.app/ZLPhotoBrowser.bundle/videoView@3x.png ... 
2018-11-05 10:23:15 +0000  15761 bytes for ./Payload/SCMForDriver.app/ZLPhotoBrowser.bundle/videoView@3x.png
copying file ./Payload/SCMForDriver.app/ZLPhotoBrowser.bundle/retake@2x.png ... 
2018-11-05 10:23:15 +0000  2167 bytes for ./Payload/SCMForDriver.app/ZLPhotoBrowser.bundle/retake@2x.png
2018-11-05 10:23:15 +0000  copying file ./Payload/SCMForDriver.app/ZLPhotoBrowser.bundle/btn_rotate.png ... 
2018-11-05 10:23:15 +0000  8924 bytes for ./Payload/SCMForDriver.app/ZLPhotoBrowser.bundle/btn_rotate.png
copying file ./Payload/SCMForDriver.app/ZLPhotoBrowser.bundle/retake@3x.png ... 
2018-11-05 10:23:15 +0000  3006 bytes for ./Payload/SCMForDriver.app/ZLPhotoBrowser.bundle/retake@3x.png
2018-11-05 10:23:15 +0000  copying file ./Payload/SCMForDriver.app/ZLPhotoBrowser.bundle/btn_original_circle.png ... 
1037 bytes for ./Payload/SCMForDriver.app/ZLPhotoBrowser.bundle/btn_original_circle.png
copying file ./Payload/SCMForDriver.app/ZLPhotoBrowser.bundle/videoView@2x.png ... 
2018-11-05 10:23:15 +0000  15373 bytes for ./Payload/SCMForDriver.app/ZLPhotoBrowser.bundle/videoView@2x.png
2018-11-05 10:23:15 +0000  copying file ./Payload/SCMForDriver.app/ZLPhotoBrowser.bundle/playVideo@3x.png ... 
2018-11-05 10:23:15 +0000  23821 bytes for ./Payload/SCMForDriver.app/ZLPhotoBrowser.bundle/playVideo@3x.png
2018-11-05 10:23:15 +0000  copying file ./Payload/SCMForDriver.app/ZLPhotoBrowser.bundle/zh-Hant.lproj/Localizable.strings ... 
2018-11-05 10:23:15 +0000  2390 bytes for ./Payload/SCMForDriver.app/ZLPhotoBrowser.bundle/zh-Hant.lproj/Localizable.strings
copying file ./Payload/SCMForDriver.app/ZLPhotoBrowser.bundle/zl_rotateimage@3x.png ... 
2018-11-05 10:23:15 +0000  1469 bytes for ./Payload/SCMForDriver.app/ZLPhotoBrowser.bundle/zl_rotateimage@3x.png
copying file ./Payload/SCMForDriver.app/ZLPhotoBrowser.bundle/btn_original_circle@3x.png ... 
2018-11-05 10:23:15 +0000  2668 bytes for ./Payload/SCMForDriver.app/ZLPhotoBrowser.bundle/btn_original_circle@3x.png
copying file ./Payload/SCMForDriver.app/ZLPhotoBrowser.bundle/iCloud.png ... 
2018-11-05 10:23:15 +0000  1835 bytes for ./Payload/SCMForDriver.app/ZLPhotoBrowser.bundle/iCloud.png
copying file ./Payload/SCMForDriver.app/ZLPhotoBrowser.bundle/zl_draw@3x.png ... 
2018-11-05 10:23:15 +0000  3079 bytes for ./Payload/SCMForDriver.app/ZLPhotoBrowser.bundle/zl_draw@3x.png
copying file ./Payload/SCMForDriver.app/ZLPhotoBrowser.bundle/toggle_camera@2x.png ... 
2018-11-05 10:23:15 +0000  2392 bytes for ./Payload/SCMForDriver.app/ZLPhotoBrowser.bundle/toggle_camera@2x.png
copying file ./Payload/SCMForDriver.app/ZLPhotoBrowser.bundle/btn_circle@2x.png ... 
2018-11-05 10:23:15 +0000  1540 bytes for ./Payload/SCMForDriver.app/ZLPhotoBrowser.bundle/btn_circle@2x.png
copying file ./Payload/SCMForDriver.app/ZLPhotoBrowser.bundle/btn_circle@3x.png ... 
2018-11-05 10:23:15 +0000  3814 bytes for ./Payload/SCMForDriver.app/ZLPhotoBrowser.bundle/btn_circle@3x.png
copying file ./Payload/SCMForDriver.app/ZLPhotoBrowser.bundle/zl_draw@2x.png ... 
2018-11-05 10:23:15 +0000  2095 bytes for ./Payload/SCMForDriver.app/ZLPhotoBrowser.bundle/zl_draw@2x.png
copying file ./Payload/SCMForDriver.app/ZLPhotoBrowser.bundle/toggle_camera@3x.png ... 
2018-11-05 10:23:15 +0000  3492 bytes for ./Payload/SCMForDriver.app/ZLPhotoBrowser.bundle/toggle_camera@3x.png
2018-11-05 10:23:15 +0000  copying file ./Payload/SCMForDriver.app/ZLPhotoBrowser.bundle/btn_original_circle@2x.png ... 
2018-11-05 10:23:15 +0000  1885 bytes for ./Payload/SCMForDriver.app/ZLPhotoBrowser.bundle/btn_original_circle@2x.png
copying file ./Payload/SCMForDriver.app/ZLPhotoBrowser.bundle/focus@3x.png ... 
2018-11-05 10:23:15 +0000  2224 bytes for ./Payload/SCMForDriver.app/ZLPhotoBrowser.bundle/focus@3x.png
copying file ./Payload/SCMForDriver.app/ZLPhotoBrowser.bundle/btn_unselected.png ... 
2018-11-05 10:23:15 +0000  3313 bytes for ./Payload/SCMForDriver.app/ZLPhotoBrowser.bundle/btn_unselected.png
copying file ./Payload/SCMForDriver.app/ZLPhotoBrowser.bundle/ic_left@3x.png ... 
2018-11-05 10:23:15 +0000  514 bytes for ./Payload/SCMForDriver.app/ZLPhotoBrowser.bundle/ic_left@3x.png
copying file ./Payload/SCMForDriver.app/ZLPhotoBrowser.bundle/zl_revoke@2x.png ... 
2018-11-05 10:23:15 +0000  1068 bytes for ./Payload/SCMForDriver.app/ZLPhotoBrowser.bundle/zl_revoke@2x.png
copying file ./Payload/SCMForDriver.app/ZLPhotoBrowser.bundle/livePhoto@3x.png ... 
2018-11-05 10:23:15 +0000  3462 bytes for ./Payload/SCMForDriver.app/ZLPhotoBrowser.bundle/livePhoto@3x.png
copying file ./Payload/SCMForDriver.app/ZLPhotoBrowser.bundle/takeok@2x.png ... 
2018-11-05 10:23:15 +0000  2668 bytes for ./Payload/SCMForDriver.app/ZLPhotoBrowser.bundle/takeok@2x.png
copying file ./Payload/SCMForDriver.app/ZLPhotoBrowser.bundle/zl_filter@3x.png ... 
2018-11-05 10:23:15 +0000  1959 bytes for ./Payload/SCMForDriver.app/ZLPhotoBrowser.bundle/zl_filter@3x.png
copying file ./Payload/SCMForDriver.app/ZLPhotoBrowser.bundle/video@2x.png ... 
2018-11-05 10:23:15 +0000  1034 bytes for ./Payload/SCMForDriver.app/ZLPhotoBrowser.bundle/video@2x.png
copying file ./Payload/SCMForDriver.app/ZLPhotoBrowser.bundle/btn_selected@3x.png ... 
2018-11-05 10:23:15 +0000  1775 bytes for ./Payload/SCMForDriver.app/ZLPhotoBrowser.bundle/btn_selected@3x.png
copying file ./Payload/SCMForDriver.app/ZLPhotoBrowser.bundle/ja-US.lproj/Localizable.strings ... 
2018-11-05 10:23:15 +0000  2783 bytes for ./Payload/SCMForDriver.app/ZLPhotoBrowser.bundle/ja-US.lproj/Localizable.strings
copying file ./Payload/SCMForDriver.app/ZLPhotoBrowser.bundle/video@3x.png ... 
2018-11-05 10:23:15 +0000  1275 bytes for ./Payload/SCMForDriver.app/ZLPhotoBrowser.bundle/video@3x.png
copying file ./Payload/SCMForDriver.app/ZLPhotoBrowser.bundle/btn_selected@2x.png ... 
2018-11-05 10:23:15 +0000  1101 bytes for ./Payload/SCMForDriver.app/ZLPhotoBrowser.bundle/btn_selected@2x.png
copying file ./Payload/SCMForDriver.app/ZLPhotoBrowser.bundle/zl_filter@2x.png ... 
2018-11-05 10:23:15 +0000  1441 bytes for ./Payload/SCMForDriver.app/ZLPhotoBrowser.bundle/zl_filter@2x.png
copying file ./Payload/SCMForDriver.app/ZLPhotoBrowser.bundle/livePhoto@2x.png ... 
2018-11-05 10:23:15 +0000  2032 bytes for ./Payload/SCMForDriver.app/ZLPhotoBrowser.bundle/livePhoto@2x.png
2018-11-05 10:23:15 +0000  copying file ./Payload/SCMForDriver.app/ZLPhotoBrowser.bundle/takeok@3x.png ... 
2018-11-05 10:23:15 +0000  3863 bytes for ./Payload/SCMForDriver.app/ZLPhotoBrowser.bundle/takeok@3x.png
copying file ./Payload/SCMForDriver.app/ZLPhotoBrowser.bundle/zl_revoke@3x.png ... 
2018-11-05 10:23:15 +0000  1430 bytes for ./Payload/SCMForDriver.app/ZLPhotoBrowser.bundle/zl_revoke@3x.png
copying file ./Payload/SCMForDriver.app/ZLPhotoBrowser.bundle/ic_left@2x.png ... 
2018-11-05 10:23:15 +0000  203 bytes for ./Payload/SCMForDriver.app/ZLPhotoBrowser.bundle/ic_left@2x.png
2018-11-05 10:23:15 +0000  copying file ./Payload/SCMForDriver.app/ZLPhotoBrowser.bundle/fennen.png ... 
2018-11-05 10:23:15 +0000  3062 bytes for ./Payload/SCMForDriver.app/ZLPhotoBrowser.bundle/fennen.png
copying file ./Payload/SCMForDriver.app/ZLPhotoBrowser.bundle/focus@2x.png ... 
2018-11-05 10:23:15 +0000  1328 bytes for ./Payload/SCMForDriver.app/ZLPhotoBrowser.bundle/focus@2x.png
2018-11-05 10:23:15 +0000  copying file ./Payload/SCMForDriver.app/AppIcon20x20@3x.png ... 
2018-11-05 10:23:15 +0000  2737 bytes for ./Payload/SCMForDriver.app/AppIcon20x20@3x.png
copying file ./Payload/SCMForDriver.app/PickingDetailCell.nib ... 
2018-11-05 10:23:15 +0000  5745 bytes for ./Payload/SCMForDriver.app/PickingDetailCell.nib
2018-11-05 10:23:15 +0000  copying file ./Payload/SCMForDriver.app/RegainPasswordViewController.nib ... 
2018-11-05 10:23:15 +0000  974 bytes for ./Payload/SCMForDriver.app/RegainPasswordViewController.nib
copying file ./Payload/SCMForDriver.app/EnquiryViewCell.nib ... 
2018-11-05 10:23:15 +0000  8414 bytes for ./Payload/SCMForDriver.app/EnquiryViewCell.nib
2018-11-05 10:23:15 +0000  copying file ./Payload/SCMForDriver.app/KSSortViewCell.nib ... 
2018-11-05 10:23:15 +0000  3572 bytes for ./Payload/SCMForDriver.app/KSSortViewCell.nib
copying file ./Payload/SCMForDriver.app/front@2x.png ... 
2018-11-05 10:23:15 +0000  1026 bytes for ./Payload/SCMForDriver.app/front@2x.png
copying file ./Payload/SCMForDriver.app/AffirmTimeCell.nib ... 
2018-11-05 10:23:15 +0000  3614 bytes for ./Payload/SCMForDriver.app/AffirmTimeCell.nib
2018-11-05 10:23:15 +0000  copying file ./Payload/SCMForDriver.app/ZLPhotoBrowserCell.nib ... 
2018-11-05 10:23:15 +0000  3509 bytes for ./Payload/SCMForDriver.app/ZLPhotoBrowserCell.nib
copying file ./Payload/SCMForDriver.app/AppIcon60x60@2x.png ... 
2018-11-05 10:23:15 +0000  7669 bytes for ./Payload/SCMForDriver.app/AppIcon60x60@2x.png
2018-11-05 10:23:15 +0000  copying file ./Payload/SCMForDriver.app/EnquiryDetailCell.nib ... 
2018-11-05 10:23:15 +0000  6389 bytes for ./Payload/SCMForDriver.app/EnquiryDetailCell.nib
2018-11-05 10:23:15 +0000  copying file ./Payload/SCMForDriver.app/BatchDetailCell.nib ... 
2018-11-05 10:23:15 +0000  5274 bytes for ./Payload/SCMForDriver.app/BatchDetailCell.nib
2018-11-05 10:23:15 +0000  copying file ./Payload/SCMForDriver.app/OrderOperationCell.nib ... 
2018-11-05 10:23:15 +0000  9893 bytes for ./Payload/SCMForDriver.app/OrderOperationCell.nib
2018-11-05 10:23:15 +0000  copying file ./Payload/SCMForDriver.app/AppIcon29x29@2x.png ... 
2018-11-05 10:23:15 +0000  3356 bytes for ./Payload/SCMForDriver.app/AppIcon29x29@2x.png
copying file ./Payload/SCMForDriver.app/ZLPhotoActionSheet.nib ... 
2018-11-05 10:23:15 +0000  6409 bytes for ./Payload/SCMForDriver.app/ZLPhotoActionSheet.nib
2018-11-05 10:23:15 +0000  copying file ./Payload/SCMForDriver.app/AppIcon40x40@3x.png ... 
2018-11-05 10:23:15 +0000  6982 bytes for ./Payload/SCMForDriver.app/AppIcon40x40@3x.png
2018-11-05 10:23:15 +0000  copying file ./Payload/SCMForDriver.app/TZImagePickerController.bundle/TZAlbumCell.xib ... 
2018-11-05 10:23:15 +0000  4588 bytes for ./Payload/SCMForDriver.app/TZImagePickerController.bundle/TZAlbumCell.xib
copying file ./Payload/SCMForDriver.app/TZImagePickerController.bundle/takePicture@2x.png ... 
2018-11-05 10:23:15 +0000  5924 bytes for ./Payload/SCMForDriver.app/TZImagePickerController.bundle/takePicture@2x.png
copying file ./Payload/SCMForDriver.app/TZImagePickerController.bundle/zh-Hans.lproj/Localizable.strings ... 
1298 bytes for ./Payload/SCMForDriver.app/TZImagePickerController.bundle/zh-Hans.lproj/Localizable.strings
copying file ./Payload/SCMForDriver.app/TZImagePickerController.bundle/photo_sel_photoPickerVc@2x.png ... 
1006 bytes for ./Payload/SCMForDriver.app/TZImagePickerController.bundle/photo_sel_photoPickerVc@2x.png
copying file ./Payload/SCMForDriver.app/TZImagePickerController.bundle/en.lproj/Localizable.strings ... 
2018-11-05 10:23:15 +0000  1736 bytes for ./Payload/SCMForDriver.app/TZImagePickerController.bundle/en.lproj/Localizable.strings
copying file ./Payload/SCMForDriver.app/TZImagePickerController.bundle/TZAssetCell.xib ... 
2018-11-05 10:23:15 +0000  8269 bytes for ./Payload/SCMForDriver.app/TZImagePickerController.bundle/TZAssetCell.xib
copying file ./Payload/SCMForDriver.app/TZImagePickerController.bundle/MMVideoPreviewPlayHL@2x.png ... 
2018-11-05 10:23:15 +0000  3645 bytes for ./Payload/SCMForDriver.app/TZImagePickerController.bundle/MMVideoPreviewPlayHL@2x.png
copying file ./Payload/SCMForDriver.app/TZImagePickerController.bundle/photo_sel_previewVc@2x.png ... 
2018-11-05 10:23:15 +0000  1183 bytes for ./Payload/SCMForDriver.app/TZImagePickerController.bundle/photo_sel_previewVc@2x.png
copying file ./Payload/SCMForDriver.app/TZImagePickerController.bundle/MMVideoPreviewPlay@2x.png ... 
2018-11-05 10:23:15 +0000  3645 bytes for ./Payload/SCMForDriver.app/TZImagePickerController.bundle/MMVideoPreviewPlay@2x.png
2018-11-05 10:23:15 +0000  copying file ./Payload/SCMForDriver.app/TZImagePickerController.bundle/preview_original_def@2x.png ... 
392 bytes for ./Payload/SCMForDriver.app/TZImagePickerController.bundle/preview_original_def@2x.png
2018-11-05 10:23:15 +0000  copying file ./Payload/SCMForDriver.app/TZImagePickerController.bundle/photo_def_previewVc@2x.png ... 
2018-11-05 10:23:15 +0000  1155 bytes for ./Payload/SCMForDriver.app/TZImagePickerController.bundle/photo_def_previewVc@2x.png
copying file ./Payload/SCMForDriver.app/TZImagePickerController.bundle/photo_original_sel@2x.png ... 
2018-11-05 10:23:15 +0000  620 bytes for ./Payload/SCMForDriver.app/TZImagePickerController.bundle/photo_original_sel@2x.png
copying file ./Payload/SCMForDriver.app/TZImagePickerController.bundle/photo_def_photoPickerVc@2x.png ... 
2018-11-05 10:23:15 +0000  1155 bytes for ./Payload/SCMForDriver.app/TZImagePickerController.bundle/photo_def_photoPickerVc@2x.png
copying file ./Payload/SCMForDriver.app/TZImagePickerController.bundle/TableViewArrow@2x.png ... 
2018-11-05 10:23:15 +0000  299 bytes for ./Payload/SCMForDriver.app/TZImagePickerController.bundle/TableViewArrow@2x.png
copying file ./Payload/SCMForDriver.app/TZImagePickerController.bundle/preview_number_icon@2x.png ... 
2018-11-05 10:23:15 +0000  501 bytes for ./Payload/SCMForDriver.app/TZImagePickerController.bundle/preview_number_icon@2x.png
copying file ./Payload/SCMForDriver.app/TZImagePickerController.bundle/navi_back@2x.png ... 
2018-11-05 10:23:15 +0000  116 bytes for ./Payload/SCMForDriver.app/TZImagePickerController.bundle/navi_back@2x.png
copying file ./Payload/SCMForDriver.app/TZImagePickerController.bundle/photo_original_def@2x.png ... 
2018-11-05 10:23:15 +0000  1602 bytes for ./Payload/SCMForDriver.app/TZImagePickerController.bundle/photo_original_def@2x.png
copying file ./Payload/SCMForDriver.app/TZImagePickerController.bundle/Root.plist ... 
2018-11-05 10:23:15 +0000  1456 bytes for ./Payload/SCMForDriver.app/TZImagePickerController.bundle/Root.plist
2018-11-05 10:23:15 +0000  copying file ./Payload/SCMForDriver.app/TZImagePickerController.bundle/photo_number_icon@2x.png ... 
501 bytes for ./Payload/SCMForDriver.app/TZImagePickerController.bundle/photo_number_icon@2x.png
copying file ./Payload/SCMForDriver.app/TZImagePickerController.bundle/VideoSendIcon@2x.png ... 
2018-11-05 10:23:15 +0000  223 bytes for ./Payload/SCMForDriver.app/TZImagePickerController.bundle/VideoSendIcon@2x.png
2018-11-05 10:23:15 +0000  copying file ./Payload/SCMForDriver.app/AbnormalSubmitVC.nib ... 
2018-11-05 10:23:15 +0000  986 bytes for ./Payload/SCMForDriver.app/AbnormalSubmitVC.nib
2018-11-05 10:23:15 +0000  copying file ./Payload/SCMForDriver.app/TransportDetailCell.nib ... 
2018-11-05 10:23:15 +0000  4276 bytes for ./Payload/SCMForDriver.app/TransportDetailCell.nib
copying file ./Payload/SCMForDriver.app/MineViewController.nib ... 
2018-11-05 10:23:15 +0000  974 bytes for ./Payload/SCMForDriver.app/MineViewController.nib
copying file ./Payload/SCMForDriver.app/AppIcon40x40@2x.png ... 
2018-11-05 10:23:15 +0000  4956 bytes for ./Payload/SCMForDriver.app/AppIcon40x40@2x.png
2018-11-05 10:23:15 +0000  copying file ./Payload/SCMForDriver.app/AbnormalRemarkCell.nib ... 
1173 bytes for ./Payload/SCMForDriver.app/AbnormalRemarkCell.nib
copying file ./Payload/SCMForDriver.app/AppIcon29x29@3x.png ... 
2018-11-05 10:23:15 +0000  5003 bytes for ./Payload/SCMForDriver.app/AppIcon29x29@3x.png
2018-11-05 10:23:15 +0000  copying file ./Payload/SCMForDriver.app/OrderCompletedCell.nib ... 
2018-11-05 10:23:15 +0000  6474 bytes for ./Payload/SCMForDriver.app/OrderCompletedCell.nib
copying file ./Payload/SCMForDriver.app/CostRemarkCell.nib ... 
2018-11-05 10:23:15 +0000  2711 bytes for ./Payload/SCMForDriver.app/CostRemarkCell.nib
2018-11-05 10:23:15 +0000  copying file ./Payload/SCMForDriver.app/AppIcon60x60@3x.png ... 
2018-11-05 10:23:15 +0000  10721 bytes for ./Payload/SCMForDriver.app/AppIcon60x60@3x.png
2018-11-05 10:23:15 +0000  copying file ./Payload/SCMForDriver.app/Base.lproj/LaunchScreen.storyboardc/UIViewController-NkA-3S-W0M.nib ... 
2018-11-05 10:23:15 +0000  832 bytes for ./Payload/SCMForDriver.app/Base.lproj/LaunchScreen.storyboardc/UIViewController-NkA-3S-W0M.nib
copying file ./Payload/SCMForDriver.app/Base.lproj/LaunchScreen.storyboardc/NkA-3S-W0M-view-3Pp-PM-AcT.nib ... 
2018-11-05 10:23:15 +0000  2295 bytes for ./Payload/SCMForDriver.app/Base.lproj/LaunchScreen.storyboardc/NkA-3S-W0M-view-3Pp-PM-AcT.nib
copying file ./Payload/SCMForDriver.app/Base.lproj/LaunchScreen.storyboardc/Info.plist ... 
258 bytes for ./Payload/SCMForDriver.app/Base.lproj/LaunchScreen.storyboardc/Info.plist
2018-11-05 10:23:15 +0000  copying file ./Payload/SCMForDriver.app/NotificationSwitchCell.nib ... 
2018-11-05 10:23:15 +0000  3186 bytes for ./Payload/SCMForDriver.app/NotificationSwitchCell.nib
copying file ./Payload/SCMForDriver.app/WorkStatisticCell.nib ... 
2018-11-05 10:23:15 +0000  7199 bytes for ./Payload/SCMForDriver.app/WorkStatisticCell.nib
2018-11-05 10:23:15 +0000  copying file ./Payload/SCMForDriver.app/Assets.car ... 
2018-11-05 10:23:15 +0000  2322344 bytes for ./Payload/SCMForDriver.app/Assets.car
copying file ./Payload/SCMForDriver.app/AbnormalHeadCell.nib ... 
2018-11-05 10:23:15 +0000  3444 bytes for ./Payload/SCMForDriver.app/AbnormalHeadCell.nib
copying file ./Payload/SCMForDriver.app/MineViewCell.nib ... 
4325 bytes for ./Payload/SCMForDriver.app/MineViewCell.nib
copying file ./Payload/SCMForDriver.app/TechnicalSupportCell.nib ... 
2018-11-05 10:23:15 +0000  3799 bytes for ./Payload/SCMForDriver.app/TechnicalSupportCell.nib
copying file ./Payload/SCMForDriver.app/LoginViewController.nib ... 
2018-11-05 10:23:15 +0000  9221 bytes for ./Payload/SCMForDriver.app/LoginViewController.nib
2018-11-05 10:23:15 +0000  copying file ./Payload/SCMForDriver.app/SingMapViewController.nib ... 
2018-11-05 10:23:15 +0000  5907 bytes for ./Payload/SCMForDriver.app/SingMapViewController.nib
copying file ./Payload/SCMForDriver.app/EnquiryDetailTwoCell.nib ... 
2018-11-05 10:23:15 +0000  6507 bytes for ./Payload/SCMForDriver.app/EnquiryDetailTwoCell.nib
2018-11-05 10:23:15 +0000  copying file ./Payload/SCMForDriver.app/OrderChooseCell.nib ... 
2018-11-05 10:23:15 +0000  8432 bytes for ./Payload/SCMForDriver.app/OrderChooseCell.nib
2018-11-05 10:23:15 +0000  copying file ./Payload/SCMForDriver.app/CTMLocalFileDB.sqlite ... 
2018-11-05 10:23:15 +0000  16384 bytes for ./Payload/SCMForDriver.app/CTMLocalFileDB.sqlite
copying file ./Payload/SCMForDriver.app/BatchHeadChooseCell.nib ... 
2018-11-05 10:23:15 +0000  3950 bytes for ./Payload/SCMForDriver.app/BatchHeadChooseCell.nib
copying file ./Payload/SCMForDriver.app/RegisterViewController.nib ... 
2018-11-05 10:23:15 +0000  974 bytes for ./Payload/SCMForDriver.app/RegisterViewController.nib
copying file ./Payload/SCMForDriver.app/ContactUsViewController.nib ... 
2018-11-05 10:23:15 +0000  9646 bytes for ./Payload/SCMForDriver.app/ContactUsViewController.nib
2018-11-05 10:23:15 +0000  copying file ./Payload/SCMForDriver.app/next.png ... 
622 bytes for ./Payload/SCMForDriver.app/next.png
copying file ./Payload/SCMForDriver.app/ScanQRViewController.nib ... 
2018-11-05 10:23:15 +0000  1538 bytes for ./Payload/SCMForDriver.app/ScanQRViewController.nib
copying file ./Payload/SCMForDriver.app/next@2x.png ... 
2018-11-05 10:23:15 +0000  1018 bytes for ./Payload/SCMForDriver.app/next@2x.png
2018-11-05 10:23:15 +0000  copying file ./Payload/SCMForDriver.app/PYPhotosView.bundle/addimage@3x.png ... 
2018-11-05 10:23:15 +0000  1077 bytes for ./Payload/SCMForDriver.app/PYPhotosView.bundle/addimage@3x.png
copying file ./Payload/SCMForDriver.app/PYPhotosView.bundle/addimage@2x.png ... 
2018-11-05 10:23:15 +0000  1077 bytes for ./Payload/SCMForDriver.app/PYPhotosView.bundle/addimage@2x.png
copying file ./Payload/SCMForDriver.app/PYPhotosView.bundle/deleteimage@2x.png ... 
2018-11-05 10:23:15 +0000  241 bytes for ./Payload/SCMForDriver.app/PYPhotosView.bundle/deleteimage@2x.png
2018-11-05 10:23:15 +0000  copying file ./Payload/SCMForDriver.app/PYPhotosView.bundle/placeholderimage@3x.png ... 
2018-11-05 10:23:15 +0000  15063 bytes for ./Payload/SCMForDriver.app/PYPhotosView.bundle/placeholderimage@3x.png
2018-11-05 10:23:15 +0000  copying file ./Payload/SCMForDriver.app/PYPhotosView.bundle/imageerror@2x.png ... 
2018-11-05 10:23:15 +0000  3420 bytes for ./Payload/SCMForDriver.app/PYPhotosView.bundle/imageerror@2x.png
copying file ./Payload/SCMForDriver.app/PYPhotosView.bundle/imageerror@3x.png ... 
2018-11-05 10:23:15 +0000  3420 bytes for ./Payload/SCMForDriver.app/PYPhotosView.bundle/imageerror@3x.png
copying file ./Payload/SCMForDriver.app/PYPhotosView.bundle/placeholderimage@2x.png ... 
2018-11-05 10:23:15 +0000  9419 bytes for ./Payload/SCMForDriver.app/PYPhotosView.bundle/placeholderimage@2x.png
2018-11-05 10:23:15 +0000  copying file ./Payload/SCMForDriver.app/PYPhotosView.bundle/imageerror.png ... 
2018-11-05 10:23:15 +0000  3420 bytes for ./Payload/SCMForDriver.app/PYPhotosView.bundle/imageerror.png
copying file ./Payload/SCMForDriver.app/PYPhotosView.bundle/deleteimage@3x.png ... 
476 bytes for ./Payload/SCMForDriver.app/PYPhotosView.bundle/deleteimage@3x.png
copying file ./Payload/SCMForDriver.app/PYPhotosView.bundle/deleteimage.png ... 
2018-11-05 10:23:15 +0000  241 bytes for ./Payload/SCMForDriver.app/PYPhotosView.bundle/deleteimage.png
copying file ./Payload/SCMForDriver.app/PYPhotosView.bundle/addimage.png ... 
2018-11-05 10:23:15 +0000  1077 bytes for ./Payload/SCMForDriver.app/PYPhotosView.bundle/addimage.png
copying file ./Payload/SCMForDriver.app/PYPhotosView.bundle/placeholderimage.png ... 
2018-11-05 10:23:15 +0000  5975 bytes for ./Payload/SCMForDriver.app/PYPhotosView.bundle/placeholderimage.png
2018-11-05 10:23:15 +0000  copying file ./Payload/SCMForDriver.app/GoodsMessageCell.nib ... 
2018-11-05 10:23:15 +0000  3506 bytes for ./Payload/SCMForDriver.app/GoodsMessageCell.nib
copying file ./Payload/SCMForDriver.app/SeviceInfo.plist ... 
2018-11-05 10:23:15 +0000  97 bytes for ./Payload/SCMForDriver.app/SeviceInfo.plist
copying file ./Payload/SCMForDriver.app/Close@3x.png ... 
2018-11-05 10:23:15 +0000  3381 bytes for ./Payload/SCMForDriver.app/Close@3x.png
2018-11-05 10:23:15 +0000  copying file ./Payload/SCMForDriver.app/OrderDetailHeadView.nib ... 
2018-11-05 10:23:15 +0000  7110 bytes for ./Payload/SCMForDriver.app/OrderDetailHeadView.nib
2018-11-05 10:23:15 +0000  copying file ./Payload/SCMForDriver.app/embedded.mobileprovision ... 
2018-11-05 10:23:15 +0000  10511 bytes for ./Payload/SCMForDriver.app/embedded.mobileprovision
2018-11-05 10:23:15 +0000  copying file ./Payload/SCMForDriver.app/SCMForDriver ... 
2018-11-05 10:23:16 +0000  16788544 bytes for ./Payload/SCMForDriver.app/SCMForDriver
2018-11-05 10:23:16 +0000  copying file ./Payload/SCMForDriver.app/Close@2x.png ... 
1605 bytes for ./Payload/SCMForDriver.app/Close@2x.png
copying file ./Payload/SCMForDriver.app/MainSortViewCell.nib ... 
3225 bytes for ./Payload/SCMForDriver.app/MainSortViewCell.nib
copying file ./Payload/SCMForDriver.app/next@3x.png ... 
1385 bytes for ./Payload/SCMForDriver.app/next@3x.png
copying file ./Payload/SCMForDriver.app/Info.plist ... 
2018-11-05 10:23:16 +0000  2210 bytes for ./Payload/SCMForDriver.app/Info.plist
copying file ./Payload/SCMForDriver.app/front.png ... 
2018-11-05 10:23:16 +0000  615 bytes for ./Payload/SCMForDriver.app/front.png
copying file ./Payload/SCMForDriver.app/OrderOperationCell_new.nib ... 
2018-11-05 10:23:16 +0000  11111 bytes for ./Payload/SCMForDriver.app/OrderOperationCell_new.nib
2018-11-05 10:23:16 +0000  copying file ./Payload/SCMForDriver.app/RemarkCell.nib ... 
2018-11-05 10:23:16 +0000  3404 bytes for ./Payload/SCMForDriver.app/RemarkCell.nib
copying file ./Payload/SCMForDriver.app/BatchHeadDefaultCell.nib ... 
2018-11-05 10:23:16 +0000  3927 bytes for ./Payload/SCMForDriver.app/BatchHeadDefaultCell.nib
2018-11-05 10:23:16 +0000  copying file ./Payload/SCMForDriver.app/PkgInfo ... 
8 bytes for ./Payload/SCMForDriver.app/PkgInfo
2018-11-05 10:23:16 +0000  copying file ./Payload/SCMForDriver.app/Close.png ... 
2018-11-05 10:23:16 +0000  825 bytes for ./Payload/SCMForDriver.app/Close.png
2018-11-05 10:23:16 +0000  2018-11-05 10:23:16 +0000  

2018-11-05 10:23:16 +0000  /usr/bin/ditto exited with 0
2018-11-05 10:23:16 +0000  2018-11-05 10:23:16 +0000  

2018-11-05 10:23:16 +0000  Processing step: IDEDistributionCreateManifestStep
